Start testing: Jan 22 13:36 EST
----------------------------------------------------------
1/655 Testing: ex-queue_0_none
1/655 Test: ex-queue_0_none
Command: "/usr/bin/cmake" "-DPERL_EXECUTABLE=/usr/bin/perl" "-DMATCH_SCRIPT=/localdisk/rsanna/Montage/ext/Clevel-Hashing/tests/match" "-DPARENT_DIR=/localdisk/rsanna/Montage/ext/Clevel-Hashing/test" "-DTESTS_USE_FORCED_PMEM=OFF" "-DTEST_ROOT_DIR=/localdisk/rsanna/Montage/ext/Clevel-Hashing/tests" "-DTEST_NAME=ex-queue_0_none" "-DTESTCASE=0" "-DSRC_DIR=/localdisk/rsanna/Montage/ext/Clevel-Hashing/tests/ex-queue" "-DBIN_DIR=/localdisk/rsanna/Montage/ext/Clevel-Hashing/tests/ex-queue_0_none" "-DTEST_EXECUTABLE=/localdisk/rsanna/Montage/ext/Clevel-Hashing/tests/ex-queue" "-DTRACER=none" "-DLONG_TESTS=" "-P" "/localdisk/rsanna/Montage/ext/Clevel-Hashing/tests/ex-queue/ex-queue_0.cmake"
Directory: /localdisk/rsanna/Montage/ext/Clevel-Hashing/tests
"ex-queue_0_none" start time: Jan 22 13:36 EST
Output:
----------------------------------------------------------
-- Executing:  /localdisk/rsanna/Montage/ext/Clevel-Hashing/tests/ex-queue /localdisk/rsanna/Montage/ext/Clevel-Hashing/test/ex-queue_0_none/testfile;push;1
-- Test ex-queue_0_none:
-- Stdout:

-- Stderr:

CMake Error at helpers.cmake:215 (message):
   /localdisk/rsanna/Montage/ext/Clevel-Hashing/tests/ex-queue /localdisk/rsanna/Montage/ext/Clevel-Hashing/test/ex-queue_0_none/testfile;push;1 failed: Permission denied
Call Stack (most recent call first):
  helpers.cmake:267 (execute_common)
  ex-queue/ex-queue_0.cmake:36 (execute)


<end of output>
Test time =   0.05 sec
----------------------------------------------------------
Test Failed.
"ex-queue_0_none" end time: Jan 22 13:36 EST
"ex-queue_0_none" time elapsed: 00:00:00
----------------------------------------------------------

2/655 Testing: ex-pman_0_none
2/655 Test: ex-pman_0_none
Command: "/usr/bin/cmake" "-DPERL_EXECUTABLE=/usr/bin/perl" "-DMATCH_SCRIPT=/localdisk/rsanna/Montage/ext/Clevel-Hashing/tests/match" "-DPARENT_DIR=/localdisk/rsanna/Montage/ext/Clevel-Hashing/test" "-DTESTS_USE_FORCED_PMEM=OFF" "-DTEST_ROOT_DIR=/localdisk/rsanna/Montage/ext/Clevel-Hashing/tests" "-DTEST_NAME=ex-pman_0_none" "-DTESTCASE=0" "-DSRC_DIR=/localdisk/rsanna/Montage/ext/Clevel-Hashing/tests/ex-pman" "-DBIN_DIR=/localdisk/rsanna/Montage/ext/Clevel-Hashing/tests/ex-pman_0_none" "-DTEST_EXECUTABLE=/localdisk/rsanna/Montage/ext/Clevel-Hashing/tests/ex-pman" "-DTRACER=none" "-DLONG_TESTS=" "-P" "/localdisk/rsanna/Montage/ext/Clevel-Hashing/tests/ex-pman/ex-pman_0.cmake"
Directory: /localdisk/rsanna/Montage/ext/Clevel-Hashing/tests
"ex-pman_0_none" start time: Jan 22 13:36 EST
Output:
----------------------------------------------------------
-- Executing:  /localdisk/rsanna/Montage/ext/Clevel-Hashing/tests/ex-pman/prepare_input.sh /localdisk/rsanna/Montage/ext/Clevel-Hashing/test/ex-pman_0_none/input
-- Test ex-pman_0_none:
-- Stdout:

-- Stderr:

CMake Error at helpers.cmake:215 (message):
   /localdisk/rsanna/Montage/ext/Clevel-Hashing/tests/ex-pman/prepare_input.sh /localdisk/rsanna/Montage/ext/Clevel-Hashing/test/ex-pman_0_none/input failed: Permission denied
Call Stack (most recent call first):
  helpers.cmake:267 (execute_common)
  ex-pman/ex-pman_0.cmake:39 (execute)


<end of output>
Test time =   0.05 sec
----------------------------------------------------------
Test Failed.
"ex-pman_0_none" end time: Jan 22 13:36 EST
"ex-pman_0_none" time elapsed: 00:00:00
----------------------------------------------------------

4/655 Testing: allocator_0_none
4/655 Test: allocator_0_none
Command: "/usr/bin/cmake" "-DPERL_EXECUTABLE=/usr/bin/perl" "-DMATCH_SCRIPT=/localdisk/rsanna/Montage/ext/Clevel-Hashing/tests/match" "-DPARENT_DIR=/localdisk/rsanna/Montage/ext/Clevel-Hashing/test" "-DTESTS_USE_FORCED_PMEM=OFF" "-DTEST_ROOT_DIR=/localdisk/rsanna/Montage/ext/Clevel-Hashing/tests" "-DTEST_NAME=allocator_0_none" "-DTESTCASE=0" "-DSRC_DIR=/localdisk/rsanna/Montage/ext/Clevel-Hashing/tests/allocator" "-DBIN_DIR=/localdisk/rsanna/Montage/ext/Clevel-Hashing/tests/allocator_0_none" "-DTEST_EXECUTABLE=/localdisk/rsanna/Montage/ext/Clevel-Hashing/tests/allocator" "-DTRACER=none" "-DLONG_TESTS=" "-P" "/localdisk/rsanna/Montage/ext/Clevel-Hashing/tests/run_default.cmake"
Directory: /localdisk/rsanna/Montage/ext/Clevel-Hashing/tests
"allocator_0_none" start time: Jan 22 13:36 EST
Output:
----------------------------------------------------------
-- Executing:  /localdisk/rsanna/Montage/ext/Clevel-Hashing/tests/allocator /localdisk/rsanna/Montage/ext/Clevel-Hashing/test/allocator_0_none/testfile
-- Test allocator_0_none:
-- Stdout:

-- Stderr:

CMake Error at helpers.cmake:215 (message):
   /localdisk/rsanna/Montage/ext/Clevel-Hashing/tests/allocator /localdisk/rsanna/Montage/ext/Clevel-Hashing/test/allocator_0_none/testfile failed: Permission denied
Call Stack (most recent call first):
  helpers.cmake:267 (execute_common)
  run_default.cmake:36 (execute)


<end of output>
Test time =   0.05 sec
----------------------------------------------------------
Test Failed.
"allocator_0_none" end time: Jan 22 13:36 EST
"allocator_0_none" time elapsed: 00:00:00
----------------------------------------------------------

7/655 Testing: detail_common_0_none
7/655 Test: detail_common_0_none
Command: "/usr/bin/cmake" "-DPERL_EXECUTABLE=/usr/bin/perl" "-DMATCH_SCRIPT=/localdisk/rsanna/Montage/ext/Clevel-Hashing/tests/match" "-DPARENT_DIR=/localdisk/rsanna/Montage/ext/Clevel-Hashing/test" "-DTESTS_USE_FORCED_PMEM=OFF" "-DTEST_ROOT_DIR=/localdisk/rsanna/Montage/ext/Clevel-Hashing/tests" "-DTEST_NAME=detail_common_0_none" "-DTESTCASE=0" "-DSRC_DIR=/localdisk/rsanna/Montage/ext/Clevel-Hashing/tests/detail_common" "-DBIN_DIR=/localdisk/rsanna/Montage/ext/Clevel-Hashing/tests/detail_common_0_none" "-DTEST_EXECUTABLE=/localdisk/rsanna/Montage/ext/Clevel-Hashing/tests/detail_common" "-DTRACER=none" "-DLONG_TESTS=" "-P" "/localdisk/rsanna/Montage/ext/Clevel-Hashing/tests/run_default.cmake"
Directory: /localdisk/rsanna/Montage/ext/Clevel-Hashing/tests
"detail_common_0_none" start time: Jan 22 13:36 EST
Output:
----------------------------------------------------------
-- Executing:  /localdisk/rsanna/Montage/ext/Clevel-Hashing/tests/detail_common /localdisk/rsanna/Montage/ext/Clevel-Hashing/test/detail_common_0_none/testfile
-- Test detail_common_0_none:
-- Stdout:

-- Stderr:

CMake Error at helpers.cmake:215 (message):
   /localdisk/rsanna/Montage/ext/Clevel-Hashing/tests/detail_common /localdisk/rsanna/Montage/ext/Clevel-Hashing/test/detail_common_0_none/testfile failed: Permission denied
Call Stack (most recent call first):
  helpers.cmake:267 (execute_common)
  run_default.cmake:36 (execute)


<end of output>
Test time =   0.04 sec
----------------------------------------------------------
Test Failed.
"detail_common_0_none" end time: Jan 22 13:36 EST
"detail_common_0_none" time elapsed: 00:00:00
----------------------------------------------------------

8/655 Testing: make_persistent_0_none
8/655 Test: make_persistent_0_none
Command: "/usr/bin/cmake" "-DPERL_EXECUTABLE=/usr/bin/perl" "-DMATCH_SCRIPT=/localdisk/rsanna/Montage/ext/Clevel-Hashing/tests/match" "-DPARENT_DIR=/localdisk/rsanna/Montage/ext/Clevel-Hashing/test" "-DTESTS_USE_FORCED_PMEM=OFF" "-DTEST_ROOT_DIR=/localdisk/rsanna/Montage/ext/Clevel-Hashing/tests" "-DTEST_NAME=make_persistent_0_none" "-DTESTCASE=0" "-DSRC_DIR=/localdisk/rsanna/Montage/ext/Clevel-Hashing/tests/make_persistent" "-DBIN_DIR=/localdisk/rsanna/Montage/ext/Clevel-Hashing/tests/make_persistent_0_none" "-DTEST_EXECUTABLE=/localdisk/rsanna/Montage/ext/Clevel-Hashing/tests/make_persistent" "-DTRACER=none" "-DLONG_TESTS=" "-P" "/localdisk/rsanna/Montage/ext/Clevel-Hashing/tests/run_default.cmake"
Directory: /localdisk/rsanna/Montage/ext/Clevel-Hashing/tests
"make_persistent_0_none" start time: Jan 22 13:36 EST
Output:
----------------------------------------------------------
-- Executing:  /localdisk/rsanna/Montage/ext/Clevel-Hashing/tests/make_persistent /localdisk/rsanna/Montage/ext/Clevel-Hashing/test/make_persistent_0_none/testfile
-- Test make_persistent_0_none:
-- Stdout:

-- Stderr:

CMake Error at helpers.cmake:215 (message):
   /localdisk/rsanna/Montage/ext/Clevel-Hashing/tests/make_persistent /localdisk/rsanna/Montage/ext/Clevel-Hashing/test/make_persistent_0_none/testfile failed: Permission denied
Call Stack (most recent call first):
  helpers.cmake:267 (execute_common)
  run_default.cmake:36 (execute)


<end of output>
Test time =   0.04 sec
----------------------------------------------------------
Test Failed.
"make_persistent_0_none" end time: Jan 22 13:36 EST
"make_persistent_0_none" time elapsed: 00:00:00
----------------------------------------------------------

10/655 Testing: make_persistent_atomic_0_none
10/655 Test: make_persistent_atomic_0_none
Command: "/usr/bin/cmake" "-DPERL_EXECUTABLE=/usr/bin/perl" "-DMATCH_SCRIPT=/localdisk/rsanna/Montage/ext/Clevel-Hashing/tests/match" "-DPARENT_DIR=/localdisk/rsanna/Montage/ext/Clevel-Hashing/test" "-DTESTS_USE_FORCED_PMEM=OFF" "-DTEST_ROOT_DIR=/localdisk/rsanna/Montage/ext/Clevel-Hashing/tests" "-DTEST_NAME=make_persistent_atomic_0_none" "-DTESTCASE=0" "-DSRC_DIR=/localdisk/rsanna/Montage/ext/Clevel-Hashing/tests/make_persistent_atomic" "-DBIN_DIR=/localdisk/rsanna/Montage/ext/Clevel-Hashing/tests/make_persistent_atomic_0_none" "-DTEST_EXECUTABLE=/localdisk/rsanna/Montage/ext/Clevel-Hashing/tests/make_persistent_atomic" "-DTRACER=none" "-DLONG_TESTS=" "-P" "/localdisk/rsanna/Montage/ext/Clevel-Hashing/tests/run_default.cmake"
Directory: /localdisk/rsanna/Montage/ext/Clevel-Hashing/tests
"make_persistent_atomic_0_none" start time: Jan 22 13:36 EST
Output:
----------------------------------------------------------
-- Executing:  /localdisk/rsanna/Montage/ext/Clevel-Hashing/tests/make_persistent_atomic /localdisk/rsanna/Montage/ext/Clevel-Hashing/test/make_persistent_atomic_0_none/testfile
-- Test make_persistent_atomic_0_none:
-- Stdout:

-- Stderr:

CMake Error at helpers.cmake:215 (message):
   /localdisk/rsanna/Montage/ext/Clevel-Hashing/tests/make_persistent_atomic /localdisk/rsanna/Montage/ext/Clevel-Hashing/test/make_persistent_atomic_0_none/testfile failed: Permission denied
Call Stack (most recent call first):
  helpers.cmake:267 (execute_common)
  run_default.cmake:36 (execute)


<end of output>
Test time =   0.05 sec
----------------------------------------------------------
Test Failed.
"make_persistent_atomic_0_none" end time: Jan 22 13:36 EST
"make_persistent_atomic_0_none" time elapsed: 00:00:00
----------------------------------------------------------

15/655 Testing: pool_0_none
15/655 Test: pool_0_none
Command: "/usr/bin/cmake" "-DPERL_EXECUTABLE=/usr/bin/perl" "-DMATCH_SCRIPT=/localdisk/rsanna/Montage/ext/Clevel-Hashing/tests/match" "-DPARENT_DIR=/localdisk/rsanna/Montage/ext/Clevel-Hashing/test" "-DTESTS_USE_FORCED_PMEM=OFF" "-DTEST_ROOT_DIR=/localdisk/rsanna/Montage/ext/Clevel-Hashing/tests" "-DTEST_NAME=pool_0_none" "-DTESTCASE=0" "-DSRC_DIR=/localdisk/rsanna/Montage/ext/Clevel-Hashing/tests/pool" "-DBIN_DIR=/localdisk/rsanna/Montage/ext/Clevel-Hashing/tests/pool_0_none" "-DTEST_EXECUTABLE=/localdisk/rsanna/Montage/ext/Clevel-Hashing/tests/pool" "-DTRACER=none" "-DLONG_TESTS=" "-P" "/localdisk/rsanna/Montage/ext/Clevel-Hashing/tests/pool/pool_0.cmake"
Directory: /localdisk/rsanna/Montage/ext/Clevel-Hashing/tests
"pool_0_none" start time: Jan 22 13:36 EST
Output:
----------------------------------------------------------
-- Executing:  /localdisk/rsanna/Montage/ext/Clevel-Hashing/tests/pool c;/localdisk/rsanna/Montage/ext/Clevel-Hashing/test/pool_0_none/testfile;test;20;0600
-- Test pool_0_none:
-- Stdout:

-- Stderr:

CMake Error at helpers.cmake:215 (message):
   /localdisk/rsanna/Montage/ext/Clevel-Hashing/tests/pool c;/localdisk/rsanna/Montage/ext/Clevel-Hashing/test/pool_0_none/testfile;test;20;0600 failed: Permission denied
Call Stack (most recent call first):
  helpers.cmake:267 (execute_common)
  pool/pool_0.cmake:37 (execute)


<end of output>
Test time =   0.04 sec
----------------------------------------------------------
Test Failed.
"pool_0_none" end time: Jan 22 13:36 EST
"pool_0_none" time elapsed: 00:00:00
----------------------------------------------------------

16/655 Testing: pool_1_none
16/655 Test: pool_1_none
Command: "/usr/bin/cmake" "-DPERL_EXECUTABLE=/usr/bin/perl" "-DMATCH_SCRIPT=/localdisk/rsanna/Montage/ext/Clevel-Hashing/tests/match" "-DPARENT_DIR=/localdisk/rsanna/Montage/ext/Clevel-Hashing/test" "-DTESTS_USE_FORCED_PMEM=OFF" "-DTEST_ROOT_DIR=/localdisk/rsanna/Montage/ext/Clevel-Hashing/tests" "-DTEST_NAME=pool_1_none" "-DTESTCASE=1" "-DSRC_DIR=/localdisk/rsanna/Montage/ext/Clevel-Hashing/tests/pool" "-DBIN_DIR=/localdisk/rsanna/Montage/ext/Clevel-Hashing/tests/pool_1_none" "-DTEST_EXECUTABLE=/localdisk/rsanna/Montage/ext/Clevel-Hashing/tests/pool" "-DTRACER=none" "-DLONG_TESTS=" "-P" "/localdisk/rsanna/Montage/ext/Clevel-Hashing/tests/pool/pool_1.cmake"
Directory: /localdisk/rsanna/Montage/ext/Clevel-Hashing/tests
"pool_1_none" start time: Jan 22 13:36 EST
Output:
----------------------------------------------------------
-- Executing:  /localdisk/rsanna/Montage/ext/Clevel-Hashing/tests/pool c;/localdisk/rsanna/Montage/ext/Clevel-Hashing/test/pool_1_none/testfile;test;20;0600
-- Test pool_1_none:
-- Stdout:

-- Stderr:

CMake Error at helpers.cmake:215 (message):
   /localdisk/rsanna/Montage/ext/Clevel-Hashing/tests/pool c;/localdisk/rsanna/Montage/ext/Clevel-Hashing/test/pool_1_none/testfile;test;20;0600 failed: Permission denied
Call Stack (most recent call first):
  helpers.cmake:267 (execute_common)
  pool/pool_1.cmake:38 (execute)


<end of output>
Test time =   0.05 sec
----------------------------------------------------------
Test Failed.
"pool_1_none" end time: Jan 22 13:36 EST
"pool_1_none" time elapsed: 00:00:00
----------------------------------------------------------

17/655 Testing: pool_2_none
17/655 Test: pool_2_none
Command: "/usr/bin/cmake" "-DPERL_EXECUTABLE=/usr/bin/perl" "-DMATCH_SCRIPT=/localdisk/rsanna/Montage/ext/Clevel-Hashing/tests/match" "-DPARENT_DIR=/localdisk/rsanna/Montage/ext/Clevel-Hashing/test" "-DTESTS_USE_FORCED_PMEM=OFF" "-DTEST_ROOT_DIR=/localdisk/rsanna/Montage/ext/Clevel-Hashing/tests" "-DTEST_NAME=pool_2_none" "-DTESTCASE=2" "-DSRC_DIR=/localdisk/rsanna/Montage/ext/Clevel-Hashing/tests/pool" "-DBIN_DIR=/localdisk/rsanna/Montage/ext/Clevel-Hashing/tests/pool_2_none" "-DTEST_EXECUTABLE=/localdisk/rsanna/Montage/ext/Clevel-Hashing/tests/pool" "-DTRACER=none" "-DLONG_TESTS=" "-P" "/localdisk/rsanna/Montage/ext/Clevel-Hashing/tests/pool/pool_2.cmake"
Directory: /localdisk/rsanna/Montage/ext/Clevel-Hashing/tests
"pool_2_none" start time: Jan 22 13:36 EST
Output:
----------------------------------------------------------
-- Executing:  /localdisk/rsanna/Montage/ext/Clevel-Hashing/tests/pool d;/localdisk/rsanna/Montage/ext/Clevel-Hashing/test/pool_2_none/testfile;test;20;0600
-- Test pool_2_none:
-- Stdout:

-- Stderr:

CMake Error at helpers.cmake:215 (message):
   /localdisk/rsanna/Montage/ext/Clevel-Hashing/tests/pool d;/localdisk/rsanna/Montage/ext/Clevel-Hashing/test/pool_2_none/testfile;test;20;0600 failed: Permission denied
Call Stack (most recent call first):
  helpers.cmake:267 (execute_common)
  pool/pool_2.cmake:37 (execute)


<end of output>
Test time =   0.05 sec
----------------------------------------------------------
Test Failed.
"pool_2_none" end time: Jan 22 13:36 EST
"pool_2_none" time elapsed: 00:00:00
----------------------------------------------------------

18/655 Testing: pool_3_none
18/655 Test: pool_3_none
Command: "/usr/bin/cmake" "-DPERL_EXECUTABLE=/usr/bin/perl" "-DMATCH_SCRIPT=/localdisk/rsanna/Montage/ext/Clevel-Hashing/tests/match" "-DPARENT_DIR=/localdisk/rsanna/Montage/ext/Clevel-Hashing/test" "-DTESTS_USE_FORCED_PMEM=OFF" "-DTEST_ROOT_DIR=/localdisk/rsanna/Montage/ext/Clevel-Hashing/tests" "-DTEST_NAME=pool_3_none" "-DTESTCASE=3" "-DSRC_DIR=/localdisk/rsanna/Montage/ext/Clevel-Hashing/tests/pool" "-DBIN_DIR=/localdisk/rsanna/Montage/ext/Clevel-Hashing/tests/pool_3_none" "-DTEST_EXECUTABLE=/localdisk/rsanna/Montage/ext/Clevel-Hashing/tests/pool" "-DTRACER=none" "-DLONG_TESTS=" "-P" "/localdisk/rsanna/Montage/ext/Clevel-Hashing/tests/pool/pool_3.cmake"
Directory: /localdisk/rsanna/Montage/ext/Clevel-Hashing/tests
"pool_3_none" start time: Jan 22 13:36 EST
Output:
----------------------------------------------------------
-- Executing:  /localdisk/rsanna/Montage/ext/Clevel-Hashing/tests/pool i;/localdisk/rsanna/Montage/ext/Clevel-Hashing/test/pool_3_none/testfile;test;20;0600
-- Test pool_3_none:
-- Stdout:

-- Stderr:

CMake Error at helpers.cmake:215 (message):
   /localdisk/rsanna/Montage/ext/Clevel-Hashing/tests/pool i;/localdisk/rsanna/Montage/ext/Clevel-Hashing/test/pool_3_none/testfile;test;20;0600 failed: Permission denied
Call Stack (most recent call first):
  helpers.cmake:267 (execute_common)
  pool/pool_3.cmake:37 (execute)


<end of output>
Test time =   0.04 sec
----------------------------------------------------------
Test Failed.
"pool_3_none" end time: Jan 22 13:36 EST
"pool_3_none" time elapsed: 00:00:00
----------------------------------------------------------

19/655 Testing: pool_4_none
19/655 Test: pool_4_none
Command: "/usr/bin/cmake" "-DPERL_EXECUTABLE=/usr/bin/perl" "-DMATCH_SCRIPT=/localdisk/rsanna/Montage/ext/Clevel-Hashing/tests/match" "-DPARENT_DIR=/localdisk/rsanna/Montage/ext/Clevel-Hashing/test" "-DTESTS_USE_FORCED_PMEM=OFF" "-DTEST_ROOT_DIR=/localdisk/rsanna/Montage/ext/Clevel-Hashing/tests" "-DTEST_NAME=pool_4_none" "-DTESTCASE=4" "-DSRC_DIR=/localdisk/rsanna/Montage/ext/Clevel-Hashing/tests/pool" "-DBIN_DIR=/localdisk/rsanna/Montage/ext/Clevel-Hashing/tests/pool_4_none" "-DTEST_EXECUTABLE=/localdisk/rsanna/Montage/ext/Clevel-Hashing/tests/pool" "-DTRACER=none" "-DLONG_TESTS=" "-P" "/localdisk/rsanna/Montage/ext/Clevel-Hashing/tests/pool/pool_4.cmake"
Directory: /localdisk/rsanna/Montage/ext/Clevel-Hashing/tests
"pool_4_none" start time: Jan 22 13:36 EST
Output:
----------------------------------------------------------
-- Executing:  /localdisk/rsanna/Montage/ext/Clevel-Hashing/tests/pool c;/localdisk/rsanna/Montage/ext/Clevel-Hashing/test/pool_4_none/non-existent-dir/testfile;test;20;0600
-- Test pool_4_none:
-- Stdout:

-- Stderr:

CMake Error at helpers.cmake:215 (message):
   /localdisk/rsanna/Montage/ext/Clevel-Hashing/tests/pool c;/localdisk/rsanna/Montage/ext/Clevel-Hashing/test/pool_4_none/non-existent-dir/testfile;test;20;0600 failed: Permission denied
Call Stack (most recent call first):
  helpers.cmake:267 (execute_common)
  pool/pool_4.cmake:36 (execute)


<end of output>
Test time =   0.05 sec
----------------------------------------------------------
Test Failed.
"pool_4_none" end time: Jan 22 13:36 EST
"pool_4_none" time elapsed: 00:00:00
----------------------------------------------------------

20/655 Testing: pool_5_none
20/655 Test: pool_5_none
Command: "/usr/bin/cmake" "-DPERL_EXECUTABLE=/usr/bin/perl" "-DMATCH_SCRIPT=/localdisk/rsanna/Montage/ext/Clevel-Hashing/tests/match" "-DPARENT_DIR=/localdisk/rsanna/Montage/ext/Clevel-Hashing/test" "-DTESTS_USE_FORCED_PMEM=OFF" "-DTEST_ROOT_DIR=/localdisk/rsanna/Montage/ext/Clevel-Hashing/tests" "-DTEST_NAME=pool_5_none" "-DTESTCASE=5" "-DSRC_DIR=/localdisk/rsanna/Montage/ext/Clevel-Hashing/tests/pool" "-DBIN_DIR=/localdisk/rsanna/Montage/ext/Clevel-Hashing/tests/pool_5_none" "-DTEST_EXECUTABLE=/localdisk/rsanna/Montage/ext/Clevel-Hashing/tests/pool" "-DTRACER=none" "-DLONG_TESTS=" "-P" "/localdisk/rsanna/Montage/ext/Clevel-Hashing/tests/pool/pool_5.cmake"
Directory: /localdisk/rsanna/Montage/ext/Clevel-Hashing/tests
"pool_5_none" start time: Jan 22 13:36 EST
Output:
----------------------------------------------------------
-- Executing:  /localdisk/rsanna/Montage/ext/Clevel-Hashing/tests/pool o;/localdisk/rsanna/Montage/ext/Clevel-Hashing/test/pool_5_none/non-existent-dir/testfile;test
-- Test pool_5_none:
-- Stdout:

-- Stderr:

CMake Error at helpers.cmake:215 (message):
   /localdisk/rsanna/Montage/ext/Clevel-Hashing/tests/pool o;/localdisk/rsanna/Montage/ext/Clevel-Hashing/test/pool_5_none/non-existent-dir/testfile;test failed: Permission denied
Call Stack (most recent call first):
  helpers.cmake:267 (execute_common)
  pool/pool_5.cmake:36 (execute)


<end of output>
Test time =   0.05 sec
----------------------------------------------------------
Test Failed.
"pool_5_none" end time: Jan 22 13:36 EST
"pool_5_none" time elapsed: 00:00:00
----------------------------------------------------------

21/655 Testing: pool_primitives_0_none
21/655 Test: pool_primitives_0_none
Command: "/usr/bin/cmake" "-DPERL_EXECUTABLE=/usr/bin/perl" "-DMATCH_SCRIPT=/localdisk/rsanna/Montage/ext/Clevel-Hashing/tests/match" "-DPARENT_DIR=/localdisk/rsanna/Montage/ext/Clevel-Hashing/test" "-DTESTS_USE_FORCED_PMEM=OFF" "-DTEST_ROOT_DIR=/localdisk/rsanna/Montage/ext/Clevel-Hashing/tests" "-DTEST_NAME=pool_primitives_0_none" "-DTESTCASE=0" "-DSRC_DIR=/localdisk/rsanna/Montage/ext/Clevel-Hashing/tests/pool_primitives" "-DBIN_DIR=/localdisk/rsanna/Montage/ext/Clevel-Hashing/tests/pool_primitives_0_none" "-DTEST_EXECUTABLE=/localdisk/rsanna/Montage/ext/Clevel-Hashing/tests/pool_primitives" "-DTRACER=none" "-DLONG_TESTS=" "-P" "/localdisk/rsanna/Montage/ext/Clevel-Hashing/tests/pool_primitives/pool_primitives_0.cmake"
Directory: /localdisk/rsanna/Montage/ext/Clevel-Hashing/tests
"pool_primitives_0_none" start time: Jan 22 13:36 EST
Output:
----------------------------------------------------------
-- Executing:  /localdisk/rsanna/Montage/ext/Clevel-Hashing/tests/pool_primitives /localdisk/rsanna/Montage/ext/Clevel-Hashing/test/pool_primitives_0_none/testfile
-- Test pool_primitives_0_none:
-- Stdout:

-- Stderr:

CMake Error at helpers.cmake:215 (message):
   /localdisk/rsanna/Montage/ext/Clevel-Hashing/tests/pool_primitives /localdisk/rsanna/Montage/ext/Clevel-Hashing/test/pool_primitives_0_none/testfile failed: Permission denied
Call Stack (most recent call first):
  helpers.cmake:267 (execute_common)
  pool_primitives/pool_primitives_0.cmake:36 (execute)


<end of output>
Test time =   0.04 sec
----------------------------------------------------------
Test Failed.
"pool_primitives_0_none" end time: Jan 22 13:36 EST
"pool_primitives_0_none" time elapsed: 00:00:00
----------------------------------------------------------

23/655 Testing: ptr_0_none
23/655 Test: ptr_0_none
Command: "/usr/bin/cmake" "-DPERL_EXECUTABLE=/usr/bin/perl" "-DMATCH_SCRIPT=/localdisk/rsanna/Montage/ext/Clevel-Hashing/tests/match" "-DPARENT_DIR=/localdisk/rsanna/Montage/ext/Clevel-Hashing/test" "-DTESTS_USE_FORCED_PMEM=OFF" "-DTEST_ROOT_DIR=/localdisk/rsanna/Montage/ext/Clevel-Hashing/tests" "-DTEST_NAME=ptr_0_none" "-DTESTCASE=0" "-DSRC_DIR=/localdisk/rsanna/Montage/ext/Clevel-Hashing/tests/ptr" "-DBIN_DIR=/localdisk/rsanna/Montage/ext/Clevel-Hashing/tests/ptr_0_none" "-DTEST_EXECUTABLE=/localdisk/rsanna/Montage/ext/Clevel-Hashing/tests/ptr" "-DTRACER=none" "-DLONG_TESTS=" "-P" "/localdisk/rsanna/Montage/ext/Clevel-Hashing/tests/ptr/ptr_0.cmake"
Directory: /localdisk/rsanna/Montage/ext/Clevel-Hashing/tests
"ptr_0_none" start time: Jan 22 13:36 EST
Output:
----------------------------------------------------------
-- Executing:  /localdisk/rsanna/Montage/ext/Clevel-Hashing/tests/ptr /localdisk/rsanna/Montage/ext/Clevel-Hashing/test/ptr_0_none/testfile
-- Test ptr_0_none:
-- Stdout:

-- Stderr:

CMake Error at helpers.cmake:215 (message):
   /localdisk/rsanna/Montage/ext/Clevel-Hashing/tests/ptr /localdisk/rsanna/Montage/ext/Clevel-Hashing/test/ptr_0_none/testfile failed: Permission denied
Call Stack (most recent call first):
  helpers.cmake:267 (execute_common)
  ptr/ptr_0.cmake:36 (execute)


<end of output>
Test time =   0.05 sec
----------------------------------------------------------
Test Failed.
"ptr_0_none" end time: Jan 22 13:36 EST
"ptr_0_none" time elapsed: 00:00:00
----------------------------------------------------------

27/655 Testing: ptr_arith_0_none
27/655 Test: ptr_arith_0_none
Command: "/usr/bin/cmake" "-DPERL_EXECUTABLE=/usr/bin/perl" "-DMATCH_SCRIPT=/localdisk/rsanna/Montage/ext/Clevel-Hashing/tests/match" "-DPARENT_DIR=/localdisk/rsanna/Montage/ext/Clevel-Hashing/test" "-DTESTS_USE_FORCED_PMEM=OFF" "-DTEST_ROOT_DIR=/localdisk/rsanna/Montage/ext/Clevel-Hashing/tests" "-DTEST_NAME=ptr_arith_0_none" "-DTESTCASE=0" "-DSRC_DIR=/localdisk/rsanna/Montage/ext/Clevel-Hashing/tests/ptr_arith" "-DBIN_DIR=/localdisk/rsanna/Montage/ext/Clevel-Hashing/tests/ptr_arith_0_none" "-DTEST_EXECUTABLE=/localdisk/rsanna/Montage/ext/Clevel-Hashing/tests/ptr_arith" "-DTRACER=none" "-DLONG_TESTS=" "-P" "/localdisk/rsanna/Montage/ext/Clevel-Hashing/tests/run_default.cmake"
Directory: /localdisk/rsanna/Montage/ext/Clevel-Hashing/tests
"ptr_arith_0_none" start time: Jan 22 13:36 EST
Output:
----------------------------------------------------------
-- Executing:  /localdisk/rsanna/Montage/ext/Clevel-Hashing/tests/ptr_arith /localdisk/rsanna/Montage/ext/Clevel-Hashing/test/ptr_arith_0_none/testfile
-- Test ptr_arith_0_none:
-- Stdout:

-- Stderr:

CMake Error at helpers.cmake:215 (message):
   /localdisk/rsanna/Montage/ext/Clevel-Hashing/tests/ptr_arith /localdisk/rsanna/Montage/ext/Clevel-Hashing/test/ptr_arith_0_none/testfile failed: Permission denied
Call Stack (most recent call first):
  helpers.cmake:267 (execute_common)
  run_default.cmake:36 (execute)


<end of output>
Test time =   0.05 sec
----------------------------------------------------------
Test Failed.
"ptr_arith_0_none" end time: Jan 22 13:36 EST
"ptr_arith_0_none" time elapsed: 00:00:00
----------------------------------------------------------

28/655 Testing: p_ext_0_none
28/655 Test: p_ext_0_none
Command: "/usr/bin/cmake" "-DPERL_EXECUTABLE=/usr/bin/perl" "-DMATCH_SCRIPT=/localdisk/rsanna/Montage/ext/Clevel-Hashing/tests/match" "-DPARENT_DIR=/localdisk/rsanna/Montage/ext/Clevel-Hashing/test" "-DTESTS_USE_FORCED_PMEM=OFF" "-DTEST_ROOT_DIR=/localdisk/rsanna/Montage/ext/Clevel-Hashing/tests" "-DTEST_NAME=p_ext_0_none" "-DTESTCASE=0" "-DSRC_DIR=/localdisk/rsanna/Montage/ext/Clevel-Hashing/tests/p_ext" "-DBIN_DIR=/localdisk/rsanna/Montage/ext/Clevel-Hashing/tests/p_ext_0_none" "-DTEST_EXECUTABLE=/localdisk/rsanna/Montage/ext/Clevel-Hashing/tests/p_ext" "-DTRACER=none" "-DLONG_TESTS=" "-P" "/localdisk/rsanna/Montage/ext/Clevel-Hashing/tests/run_default.cmake"
Directory: /localdisk/rsanna/Montage/ext/Clevel-Hashing/tests
"p_ext_0_none" start time: Jan 22 13:36 EST
Output:
----------------------------------------------------------
-- Executing:  /localdisk/rsanna/Montage/ext/Clevel-Hashing/tests/p_ext /localdisk/rsanna/Montage/ext/Clevel-Hashing/test/p_ext_0_none/testfile
-- Test p_ext_0_none:
-- Stdout:

-- Stderr:

CMake Error at helpers.cmake:215 (message):
   /localdisk/rsanna/Montage/ext/Clevel-Hashing/tests/p_ext /localdisk/rsanna/Montage/ext/Clevel-Hashing/test/p_ext_0_none/testfile failed: Permission denied
Call Stack (most recent call first):
  helpers.cmake:267 (execute_common)
  run_default.cmake:36 (execute)


<end of output>
Test time =   0.05 sec
----------------------------------------------------------
Test Failed.
"p_ext_0_none" end time: Jan 22 13:36 EST
"p_ext_0_none" time elapsed: 00:00:00
----------------------------------------------------------

33/655 Testing: transaction_0_none
33/655 Test: transaction_0_none
Command: "/usr/bin/cmake" "-DPERL_EXECUTABLE=/usr/bin/perl" "-DMATCH_SCRIPT=/localdisk/rsanna/Montage/ext/Clevel-Hashing/tests/match" "-DPARENT_DIR=/localdisk/rsanna/Montage/ext/Clevel-Hashing/test" "-DTESTS_USE_FORCED_PMEM=OFF" "-DTEST_ROOT_DIR=/localdisk/rsanna/Montage/ext/Clevel-Hashing/tests" "-DTEST_NAME=transaction_0_none" "-DTESTCASE=0" "-DSRC_DIR=/localdisk/rsanna/Montage/ext/Clevel-Hashing/tests/transaction" "-DBIN_DIR=/localdisk/rsanna/Montage/ext/Clevel-Hashing/tests/transaction_0_none" "-DTEST_EXECUTABLE=/localdisk/rsanna/Montage/ext/Clevel-Hashing/tests/transaction" "-DTRACER=none" "-DLONG_TESTS=" "-P" "/localdisk/rsanna/Montage/ext/Clevel-Hashing/tests/run_default.cmake"
Directory: /localdisk/rsanna/Montage/ext/Clevel-Hashing/tests
"transaction_0_none" start time: Jan 22 13:36 EST
Output:
----------------------------------------------------------
-- Executing:  /localdisk/rsanna/Montage/ext/Clevel-Hashing/tests/transaction /localdisk/rsanna/Montage/ext/Clevel-Hashing/test/transaction_0_none/testfile
-- Test transaction_0_none:
-- Stdout:

-- Stderr:

CMake Error at helpers.cmake:215 (message):
   /localdisk/rsanna/Montage/ext/Clevel-Hashing/tests/transaction /localdisk/rsanna/Montage/ext/Clevel-Hashing/test/transaction_0_none/testfile failed: Permission denied
Call Stack (most recent call first):
  helpers.cmake:267 (execute_common)
  run_default.cmake:36 (execute)


<end of output>
Test time =   0.06 sec
----------------------------------------------------------
Test Failed.
"transaction_0_none" end time: Jan 22 13:36 EST
"transaction_0_none" time elapsed: 00:00:00
----------------------------------------------------------

35/655 Testing: v_0_none
35/655 Test: v_0_none
Command: "/usr/bin/cmake" "-DPERL_EXECUTABLE=/usr/bin/perl" "-DMATCH_SCRIPT=/localdisk/rsanna/Montage/ext/Clevel-Hashing/tests/match" "-DPARENT_DIR=/localdisk/rsanna/Montage/ext/Clevel-Hashing/test" "-DTESTS_USE_FORCED_PMEM=OFF" "-DTEST_ROOT_DIR=/localdisk/rsanna/Montage/ext/Clevel-Hashing/tests" "-DTEST_NAME=v_0_none" "-DTESTCASE=0" "-DSRC_DIR=/localdisk/rsanna/Montage/ext/Clevel-Hashing/tests/v" "-DBIN_DIR=/localdisk/rsanna/Montage/ext/Clevel-Hashing/tests/v_0_none" "-DTEST_EXECUTABLE=/localdisk/rsanna/Montage/ext/Clevel-Hashing/tests/v" "-DTRACER=none" "-DLONG_TESTS=" "-P" "/localdisk/rsanna/Montage/ext/Clevel-Hashing/tests/v/v_0.cmake"
Directory: /localdisk/rsanna/Montage/ext/Clevel-Hashing/tests
"v_0_none" start time: Jan 22 13:36 EST
Output:
----------------------------------------------------------
-- Executing:  /localdisk/rsanna/Montage/ext/Clevel-Hashing/tests/v /localdisk/rsanna/Montage/ext/Clevel-Hashing/test/v_0_none/testfile
-- Test v_0_none:
-- Stdout:

-- Stderr:

CMake Error at helpers.cmake:215 (message):
   /localdisk/rsanna/Montage/ext/Clevel-Hashing/tests/v /localdisk/rsanna/Montage/ext/Clevel-Hashing/test/v_0_none/testfile failed: Permission denied
Call Stack (most recent call first):
  helpers.cmake:267 (execute_common)
  v/v_0.cmake:36 (execute)


<end of output>
Test time =   0.04 sec
----------------------------------------------------------
Test Failed.
"v_0_none" end time: Jan 22 13:36 EST
"v_0_none" time elapsed: 00:00:00
----------------------------------------------------------

37/655 Testing: cond_var_0_none
37/655 Test: cond_var_0_none
Command: "/usr/bin/cmake" "-DPERL_EXECUTABLE=/usr/bin/perl" "-DMATCH_SCRIPT=/localdisk/rsanna/Montage/ext/Clevel-Hashing/tests/match" "-DPARENT_DIR=/localdisk/rsanna/Montage/ext/Clevel-Hashing/test" "-DTESTS_USE_FORCED_PMEM=OFF" "-DTEST_ROOT_DIR=/localdisk/rsanna/Montage/ext/Clevel-Hashing/tests" "-DTEST_NAME=cond_var_0_none" "-DTESTCASE=0" "-DSRC_DIR=/localdisk/rsanna/Montage/ext/Clevel-Hashing/tests/cond_var" "-DBIN_DIR=/localdisk/rsanna/Montage/ext/Clevel-Hashing/tests/cond_var_0_none" "-DTEST_EXECUTABLE=/localdisk/rsanna/Montage/ext/Clevel-Hashing/tests/cond_var" "-DTRACER=none" "-DLONG_TESTS=" "-P" "/localdisk/rsanna/Montage/ext/Clevel-Hashing/tests/run_default.cmake"
Directory: /localdisk/rsanna/Montage/ext/Clevel-Hashing/tests
"cond_var_0_none" start time: Jan 22 13:36 EST
Output:
----------------------------------------------------------
-- Executing:  /localdisk/rsanna/Montage/ext/Clevel-Hashing/tests/cond_var /localdisk/rsanna/Montage/ext/Clevel-Hashing/test/cond_var_0_none/testfile
-- Test cond_var_0_none:
-- Stdout:

-- Stderr:

CMake Error at helpers.cmake:215 (message):
   /localdisk/rsanna/Montage/ext/Clevel-Hashing/tests/cond_var /localdisk/rsanna/Montage/ext/Clevel-Hashing/test/cond_var_0_none/testfile failed: Permission denied
Call Stack (most recent call first):
  helpers.cmake:267 (execute_common)
  run_default.cmake:36 (execute)


<end of output>
Test time =   0.04 sec
----------------------------------------------------------
Test Failed.
"cond_var_0_none" end time: Jan 22 13:36 EST
"cond_var_0_none" time elapsed: 00:00:00
----------------------------------------------------------

41/655 Testing: mutex_0_none
41/655 Test: mutex_0_none
Command: "/usr/bin/cmake" "-DPERL_EXECUTABLE=/usr/bin/perl" "-DMATCH_SCRIPT=/localdisk/rsanna/Montage/ext/Clevel-Hashing/tests/match" "-DPARENT_DIR=/localdisk/rsanna/Montage/ext/Clevel-Hashing/test" "-DTESTS_USE_FORCED_PMEM=OFF" "-DTEST_ROOT_DIR=/localdisk/rsanna/Montage/ext/Clevel-Hashing/tests" "-DTEST_NAME=mutex_0_none" "-DTESTCASE=0" "-DSRC_DIR=/localdisk/rsanna/Montage/ext/Clevel-Hashing/tests/mutex" "-DBIN_DIR=/localdisk/rsanna/Montage/ext/Clevel-Hashing/tests/mutex_0_none" "-DTEST_EXECUTABLE=/localdisk/rsanna/Montage/ext/Clevel-Hashing/tests/mutex" "-DTRACER=none" "-DLONG_TESTS=" "-P" "/localdisk/rsanna/Montage/ext/Clevel-Hashing/tests/run_default.cmake"
Directory: /localdisk/rsanna/Montage/ext/Clevel-Hashing/tests
"mutex_0_none" start time: Jan 22 13:36 EST
Output:
----------------------------------------------------------
-- Executing:  /localdisk/rsanna/Montage/ext/Clevel-Hashing/tests/mutex /localdisk/rsanna/Montage/ext/Clevel-Hashing/test/mutex_0_none/testfile
-- Test mutex_0_none:
-- Stdout:

-- Stderr:

CMake Error at helpers.cmake:215 (message):
   /localdisk/rsanna/Montage/ext/Clevel-Hashing/tests/mutex /localdisk/rsanna/Montage/ext/Clevel-Hashing/test/mutex_0_none/testfile failed: Permission denied
Call Stack (most recent call first):
  helpers.cmake:267 (execute_common)
  run_default.cmake:36 (execute)


<end of output>
Test time =   0.05 sec
----------------------------------------------------------
Test Failed.
"mutex_0_none" end time: Jan 22 13:36 EST
"mutex_0_none" time elapsed: 00:00:00
----------------------------------------------------------

42/655 Testing: shared_mutex_0_none
42/655 Test: shared_mutex_0_none
Command: "/usr/bin/cmake" "-DPERL_EXECUTABLE=/usr/bin/perl" "-DMATCH_SCRIPT=/localdisk/rsanna/Montage/ext/Clevel-Hashing/tests/match" "-DPARENT_DIR=/localdisk/rsanna/Montage/ext/Clevel-Hashing/test" "-DTESTS_USE_FORCED_PMEM=OFF" "-DTEST_ROOT_DIR=/localdisk/rsanna/Montage/ext/Clevel-Hashing/tests" "-DTEST_NAME=shared_mutex_0_none" "-DTESTCASE=0" "-DSRC_DIR=/localdisk/rsanna/Montage/ext/Clevel-Hashing/tests/shared_mutex" "-DBIN_DIR=/localdisk/rsanna/Montage/ext/Clevel-Hashing/tests/shared_mutex_0_none" "-DTEST_EXECUTABLE=/localdisk/rsanna/Montage/ext/Clevel-Hashing/tests/shared_mutex" "-DTRACER=none" "-DLONG_TESTS=" "-P" "/localdisk/rsanna/Montage/ext/Clevel-Hashing/tests/run_default.cmake"
Directory: /localdisk/rsanna/Montage/ext/Clevel-Hashing/tests
"shared_mutex_0_none" start time: Jan 22 13:36 EST
Output:
----------------------------------------------------------
-- Executing:  /localdisk/rsanna/Montage/ext/Clevel-Hashing/tests/shared_mutex /localdisk/rsanna/Montage/ext/Clevel-Hashing/test/shared_mutex_0_none/testfile
-- Test shared_mutex_0_none:
-- Stdout:

-- Stderr:

CMake Error at helpers.cmake:215 (message):
   /localdisk/rsanna/Montage/ext/Clevel-Hashing/tests/shared_mutex /localdisk/rsanna/Montage/ext/Clevel-Hashing/test/shared_mutex_0_none/testfile failed: Permission denied
Call Stack (most recent call first):
  helpers.cmake:267 (execute_common)
  run_default.cmake:36 (execute)


<end of output>
Test time =   0.04 sec
----------------------------------------------------------
Test Failed.
"shared_mutex_0_none" end time: Jan 22 13:36 EST
"shared_mutex_0_none" time elapsed: 00:00:00
----------------------------------------------------------

46/655 Testing: timed_mtx_0_none
46/655 Test: timed_mtx_0_none
Command: "/usr/bin/cmake" "-DPERL_EXECUTABLE=/usr/bin/perl" "-DMATCH_SCRIPT=/localdisk/rsanna/Montage/ext/Clevel-Hashing/tests/match" "-DPARENT_DIR=/localdisk/rsanna/Montage/ext/Clevel-Hashing/test" "-DTESTS_USE_FORCED_PMEM=OFF" "-DTEST_ROOT_DIR=/localdisk/rsanna/Montage/ext/Clevel-Hashing/tests" "-DTEST_NAME=timed_mtx_0_none" "-DTESTCASE=0" "-DSRC_DIR=/localdisk/rsanna/Montage/ext/Clevel-Hashing/tests/timed_mtx" "-DBIN_DIR=/localdisk/rsanna/Montage/ext/Clevel-Hashing/tests/timed_mtx_0_none" "-DTEST_EXECUTABLE=/localdisk/rsanna/Montage/ext/Clevel-Hashing/tests/timed_mtx" "-DTRACER=none" "-DLONG_TESTS=" "-P" "/localdisk/rsanna/Montage/ext/Clevel-Hashing/tests/run_default.cmake"
Directory: /localdisk/rsanna/Montage/ext/Clevel-Hashing/tests
"timed_mtx_0_none" start time: Jan 22 13:36 EST
Output:
----------------------------------------------------------
-- Executing:  /localdisk/rsanna/Montage/ext/Clevel-Hashing/tests/timed_mtx /localdisk/rsanna/Montage/ext/Clevel-Hashing/test/timed_mtx_0_none/testfile
-- Test timed_mtx_0_none:
-- Stdout:

-- Stderr:

CMake Error at helpers.cmake:215 (message):
   /localdisk/rsanna/Montage/ext/Clevel-Hashing/tests/timed_mtx /localdisk/rsanna/Montage/ext/Clevel-Hashing/test/timed_mtx_0_none/testfile failed: Permission denied
Call Stack (most recent call first):
  helpers.cmake:267 (execute_common)
  run_default.cmake:36 (execute)


<end of output>
Test time =   0.04 sec
----------------------------------------------------------
Test Failed.
"timed_mtx_0_none" end time: Jan 22 13:36 EST
"timed_mtx_0_none" time elapsed: 00:00:00
----------------------------------------------------------

47/655 Testing: make_persistent_array_0_none
47/655 Test: make_persistent_array_0_none
Command: "/usr/bin/cmake" "-DPERL_EXECUTABLE=/usr/bin/perl" "-DMATCH_SCRIPT=/localdisk/rsanna/Montage/ext/Clevel-Hashing/tests/match" "-DPARENT_DIR=/localdisk/rsanna/Montage/ext/Clevel-Hashing/test" "-DTESTS_USE_FORCED_PMEM=OFF" "-DTEST_ROOT_DIR=/localdisk/rsanna/Montage/ext/Clevel-Hashing/tests" "-DTEST_NAME=make_persistent_array_0_none" "-DTESTCASE=0" "-DSRC_DIR=/localdisk/rsanna/Montage/ext/Clevel-Hashing/tests/make_persistent_array" "-DBIN_DIR=/localdisk/rsanna/Montage/ext/Clevel-Hashing/tests/make_persistent_array_0_none" "-DTEST_EXECUTABLE=/localdisk/rsanna/Montage/ext/Clevel-Hashing/tests/make_persistent_array" "-DTRACER=none" "-DLONG_TESTS=" "-P" "/localdisk/rsanna/Montage/ext/Clevel-Hashing/tests/run_default.cmake"
Directory: /localdisk/rsanna/Montage/ext/Clevel-Hashing/tests
"make_persistent_array_0_none" start time: Jan 22 13:36 EST
Output:
----------------------------------------------------------
-- Executing:  /localdisk/rsanna/Montage/ext/Clevel-Hashing/tests/make_persistent_array /localdisk/rsanna/Montage/ext/Clevel-Hashing/test/make_persistent_array_0_none/testfile
-- Test make_persistent_array_0_none:
-- Stdout:

-- Stderr:

CMake Error at helpers.cmake:215 (message):
   /localdisk/rsanna/Montage/ext/Clevel-Hashing/tests/make_persistent_array /localdisk/rsanna/Montage/ext/Clevel-Hashing/test/make_persistent_array_0_none/testfile failed: Permission denied
Call Stack (most recent call first):
  helpers.cmake:267 (execute_common)
  run_default.cmake:36 (execute)


<end of output>
Test time =   0.05 sec
----------------------------------------------------------
Test Failed.
"make_persistent_array_0_none" end time: Jan 22 13:36 EST
"make_persistent_array_0_none" time elapsed: 00:00:00
----------------------------------------------------------

49/655 Testing: make_persistent_array_atomic_0_none
49/655 Test: make_persistent_array_atomic_0_none
Command: "/usr/bin/cmake" "-DPERL_EXECUTABLE=/usr/bin/perl" "-DMATCH_SCRIPT=/localdisk/rsanna/Montage/ext/Clevel-Hashing/tests/match" "-DPARENT_DIR=/localdisk/rsanna/Montage/ext/Clevel-Hashing/test" "-DTESTS_USE_FORCED_PMEM=OFF" "-DTEST_ROOT_DIR=/localdisk/rsanna/Montage/ext/Clevel-Hashing/tests" "-DTEST_NAME=make_persistent_array_atomic_0_none" "-DTESTCASE=0" "-DSRC_DIR=/localdisk/rsanna/Montage/ext/Clevel-Hashing/tests/make_persistent_array_atomic" "-DBIN_DIR=/localdisk/rsanna/Montage/ext/Clevel-Hashing/tests/make_persistent_array_atomic_0_none" "-DTEST_EXECUTABLE=/localdisk/rsanna/Montage/ext/Clevel-Hashing/tests/make_persistent_array_atomic" "-DTRACER=none" "-DLONG_TESTS=" "-P" "/localdisk/rsanna/Montage/ext/Clevel-Hashing/tests/run_default.cmake"
Directory: /localdisk/rsanna/Montage/ext/Clevel-Hashing/tests
"make_persistent_array_atomic_0_none" start time: Jan 22 13:36 EST
Output:
----------------------------------------------------------
-- Executing:  /localdisk/rsanna/Montage/ext/Clevel-Hashing/tests/make_persistent_array_atomic /localdisk/rsanna/Montage/ext/Clevel-Hashing/test/make_persistent_array_atomic_0_none/testfile
-- Test make_persistent_array_atomic_0_none:
-- Stdout:

-- Stderr:

CMake Error at helpers.cmake:215 (message):
   /localdisk/rsanna/Montage/ext/Clevel-Hashing/tests/make_persistent_array_atomic /localdisk/rsanna/Montage/ext/Clevel-Hashing/test/make_persistent_array_atomic_0_none/testfile failed: Permission denied
Call Stack (most recent call first):
  helpers.cmake:267 (execute_common)
  run_default.cmake:36 (execute)


<end of output>
Test time =   0.04 sec
----------------------------------------------------------
Test Failed.
"make_persistent_array_atomic_0_none" end time: Jan 22 13:36 EST
"make_persistent_array_atomic_0_none" time elapsed: 00:00:00
----------------------------------------------------------

51/655 Testing: iterator_traits_0_none
51/655 Test: iterator_traits_0_none
Command: "/usr/bin/cmake" "-DPERL_EXECUTABLE=/usr/bin/perl" "-DMATCH_SCRIPT=/localdisk/rsanna/Montage/ext/Clevel-Hashing/tests/match" "-DPARENT_DIR=/localdisk/rsanna/Montage/ext/Clevel-Hashing/test" "-DTESTS_USE_FORCED_PMEM=OFF" "-DTEST_ROOT_DIR=/localdisk/rsanna/Montage/ext/Clevel-Hashing/tests" "-DTEST_NAME=iterator_traits_0_none" "-DTESTCASE=0" "-DSRC_DIR=/localdisk/rsanna/Montage/ext/Clevel-Hashing/tests/iterator_traits" "-DBIN_DIR=/localdisk/rsanna/Montage/ext/Clevel-Hashing/tests/iterator_traits_0_none" "-DTEST_EXECUTABLE=/localdisk/rsanna/Montage/ext/Clevel-Hashing/tests/iterator_traits" "-DTRACER=none" "-DLONG_TESTS=" "-P" "/localdisk/rsanna/Montage/ext/Clevel-Hashing/tests/run_default.cmake"
Directory: /localdisk/rsanna/Montage/ext/Clevel-Hashing/tests
"iterator_traits_0_none" start time: Jan 22 13:36 EST
Output:
----------------------------------------------------------
-- Executing:  /localdisk/rsanna/Montage/ext/Clevel-Hashing/tests/iterator_traits /localdisk/rsanna/Montage/ext/Clevel-Hashing/test/iterator_traits_0_none/testfile
-- Test iterator_traits_0_none:
-- Stdout:

-- Stderr:

CMake Error at helpers.cmake:215 (message):
   /localdisk/rsanna/Montage/ext/Clevel-Hashing/tests/iterator_traits /localdisk/rsanna/Montage/ext/Clevel-Hashing/test/iterator_traits_0_none/testfile failed: Permission denied
Call Stack (most recent call first):
  helpers.cmake:267 (execute_common)
  run_default.cmake:36 (execute)


<end of output>
Test time =   0.04 sec
----------------------------------------------------------
Test Failed.
"iterator_traits_0_none" end time: Jan 22 13:36 EST
"iterator_traits_0_none" time elapsed: 00:00:00
----------------------------------------------------------

52/655 Testing: ctl_0_none
52/655 Test: ctl_0_none
Command: "/usr/bin/cmake" "-DPERL_EXECUTABLE=/usr/bin/perl" "-DMATCH_SCRIPT=/localdisk/rsanna/Montage/ext/Clevel-Hashing/tests/match" "-DPARENT_DIR=/localdisk/rsanna/Montage/ext/Clevel-Hashing/test" "-DTESTS_USE_FORCED_PMEM=OFF" "-DTEST_ROOT_DIR=/localdisk/rsanna/Montage/ext/Clevel-Hashing/tests" "-DTEST_NAME=ctl_0_none" "-DTESTCASE=0" "-DSRC_DIR=/localdisk/rsanna/Montage/ext/Clevel-Hashing/tests/ctl" "-DBIN_DIR=/localdisk/rsanna/Montage/ext/Clevel-Hashing/tests/ctl_0_none" "-DTEST_EXECUTABLE=/localdisk/rsanna/Montage/ext/Clevel-Hashing/tests/ctl" "-DTRACER=none" "-DLONG_TESTS=" "-P" "/localdisk/rsanna/Montage/ext/Clevel-Hashing/tests/ctl/ctl_0.cmake"
Directory: /localdisk/rsanna/Montage/ext/Clevel-Hashing/tests
"ctl_0_none" start time: Jan 22 13:36 EST
Output:
----------------------------------------------------------
-- Executing:  /localdisk/rsanna/Montage/ext/Clevel-Hashing/tests/ctl /localdisk/rsanna/Montage/ext/Clevel-Hashing/test/ctl_0_none/pool.set
-- Test ctl_0_none:
-- Stdout:

-- Stderr:

CMake Error at helpers.cmake:215 (message):
   /localdisk/rsanna/Montage/ext/Clevel-Hashing/tests/ctl /localdisk/rsanna/Montage/ext/Clevel-Hashing/test/ctl_0_none/pool.set failed: Permission denied
Call Stack (most recent call first):
  helpers.cmake:267 (execute_common)
  ctl/ctl_0.cmake:41 (execute)


<end of output>
Test time =   0.04 sec
----------------------------------------------------------
Test Failed.
"ctl_0_none" end time: Jan 22 13:36 EST
"ctl_0_none" time elapsed: 00:00:00
----------------------------------------------------------

53/655 Testing: array_algorithms_0_none
53/655 Test: array_algorithms_0_none
Command: "/usr/bin/cmake" "-DPERL_EXECUTABLE=/usr/bin/perl" "-DMATCH_SCRIPT=/localdisk/rsanna/Montage/ext/Clevel-Hashing/tests/match" "-DPARENT_DIR=/localdisk/rsanna/Montage/ext/Clevel-Hashing/test" "-DTESTS_USE_FORCED_PMEM=OFF" "-DTEST_ROOT_DIR=/localdisk/rsanna/Montage/ext/Clevel-Hashing/tests" "-DTEST_NAME=array_algorithms_0_none" "-DTESTCASE=0" "-DSRC_DIR=/localdisk/rsanna/Montage/ext/Clevel-Hashing/tests/array_algorithms" "-DBIN_DIR=/localdisk/rsanna/Montage/ext/Clevel-Hashing/tests/array_algorithms_0_none" "-DTEST_EXECUTABLE=/localdisk/rsanna/Montage/ext/Clevel-Hashing/tests/array_algorithms" "-DTRACER=none" "-DLONG_TESTS=" "-P" "/localdisk/rsanna/Montage/ext/Clevel-Hashing/tests/run_default.cmake"
Directory: /localdisk/rsanna/Montage/ext/Clevel-Hashing/tests
"array_algorithms_0_none" start time: Jan 22 13:36 EST
Output:
----------------------------------------------------------
-- Executing:  /localdisk/rsanna/Montage/ext/Clevel-Hashing/tests/array_algorithms /localdisk/rsanna/Montage/ext/Clevel-Hashing/test/array_algorithms_0_none/testfile
-- Test array_algorithms_0_none:
-- Stdout:

-- Stderr:

CMake Error at helpers.cmake:215 (message):
   /localdisk/rsanna/Montage/ext/Clevel-Hashing/tests/array_algorithms /localdisk/rsanna/Montage/ext/Clevel-Hashing/test/array_algorithms_0_none/testfile failed: Permission denied
Call Stack (most recent call first):
  helpers.cmake:267 (execute_common)
  run_default.cmake:36 (execute)


<end of output>
Test time =   0.05 sec
----------------------------------------------------------
Test Failed.
"array_algorithms_0_none" end time: Jan 22 13:36 EST
"array_algorithms_0_none" time elapsed: 00:00:00
----------------------------------------------------------

55/655 Testing: array_slice_0_none
55/655 Test: array_slice_0_none
Command: "/usr/bin/cmake" "-DPERL_EXECUTABLE=/usr/bin/perl" "-DMATCH_SCRIPT=/localdisk/rsanna/Montage/ext/Clevel-Hashing/tests/match" "-DPARENT_DIR=/localdisk/rsanna/Montage/ext/Clevel-Hashing/test" "-DTESTS_USE_FORCED_PMEM=OFF" "-DTEST_ROOT_DIR=/localdisk/rsanna/Montage/ext/Clevel-Hashing/tests" "-DTEST_NAME=array_slice_0_none" "-DTESTCASE=0" "-DSRC_DIR=/localdisk/rsanna/Montage/ext/Clevel-Hashing/tests/array_slice" "-DBIN_DIR=/localdisk/rsanna/Montage/ext/Clevel-Hashing/tests/array_slice_0_none" "-DTEST_EXECUTABLE=/localdisk/rsanna/Montage/ext/Clevel-Hashing/tests/array_slice" "-DTRACER=none" "-DLONG_TESTS=" "-P" "/localdisk/rsanna/Montage/ext/Clevel-Hashing/tests/array_slice/array_slice_0.cmake"
Directory: /localdisk/rsanna/Montage/ext/Clevel-Hashing/tests
"array_slice_0_none" start time: Jan 22 13:36 EST
Output:
----------------------------------------------------------
-- Executing:  /localdisk/rsanna/Montage/ext/Clevel-Hashing/tests/array_slice /localdisk/rsanna/Montage/ext/Clevel-Hashing/test/array_slice_0_none/testfile;0
-- Test array_slice_0_none:
-- Stdout:

-- Stderr:

CMake Error at helpers.cmake:215 (message):
   /localdisk/rsanna/Montage/ext/Clevel-Hashing/tests/array_slice /localdisk/rsanna/Montage/ext/Clevel-Hashing/test/array_slice_0_none/testfile;0 failed: Permission denied
Call Stack (most recent call first):
  helpers.cmake:267 (execute_common)
  array_slice/array_slice_0.cmake:42 (execute)


<end of output>
Test time =   0.04 sec
----------------------------------------------------------
Test Failed.
"array_slice_0_none" end time: Jan 22 13:36 EST
"array_slice_0_none" time elapsed: 00:00:00
----------------------------------------------------------

58/655 Testing: array_iterator_0_none
58/655 Test: array_iterator_0_none
Command: "/usr/bin/cmake" "-DPERL_EXECUTABLE=/usr/bin/perl" "-DMATCH_SCRIPT=/localdisk/rsanna/Montage/ext/Clevel-Hashing/tests/match" "-DPARENT_DIR=/localdisk/rsanna/Montage/ext/Clevel-Hashing/test" "-DTESTS_USE_FORCED_PMEM=OFF" "-DTEST_ROOT_DIR=/localdisk/rsanna/Montage/ext/Clevel-Hashing/tests" "-DTEST_NAME=array_iterator_0_none" "-DTESTCASE=0" "-DSRC_DIR=/localdisk/rsanna/Montage/ext/Clevel-Hashing/tests/array_iterator" "-DBIN_DIR=/localdisk/rsanna/Montage/ext/Clevel-Hashing/tests/array_iterator_0_none" "-DTEST_EXECUTABLE=/localdisk/rsanna/Montage/ext/Clevel-Hashing/tests/array_iterator" "-DTRACER=none" "-DLONG_TESTS=" "-P" "/localdisk/rsanna/Montage/ext/Clevel-Hashing/tests/run_default.cmake"
Directory: /localdisk/rsanna/Montage/ext/Clevel-Hashing/tests
"array_iterator_0_none" start time: Jan 22 13:36 EST
Output:
----------------------------------------------------------
-- Executing:  /localdisk/rsanna/Montage/ext/Clevel-Hashing/tests/array_iterator /localdisk/rsanna/Montage/ext/Clevel-Hashing/test/array_iterator_0_none/testfile
-- Test array_iterator_0_none:
-- Stdout:

-- Stderr:

CMake Error at helpers.cmake:215 (message):
   /localdisk/rsanna/Montage/ext/Clevel-Hashing/tests/array_iterator /localdisk/rsanna/Montage/ext/Clevel-Hashing/test/array_iterator_0_none/testfile failed: Permission denied
Call Stack (most recent call first):
  helpers.cmake:267 (execute_common)
  run_default.cmake:36 (execute)


<end of output>
Test time =   0.05 sec
----------------------------------------------------------
Test Failed.
"array_iterator_0_none" end time: Jan 22 13:36 EST
"array_iterator_0_none" time elapsed: 00:00:00
----------------------------------------------------------

60/655 Testing: array_modifiers_0_none
60/655 Test: array_modifiers_0_none
Command: "/usr/bin/cmake" "-DPERL_EXECUTABLE=/usr/bin/perl" "-DMATCH_SCRIPT=/localdisk/rsanna/Montage/ext/Clevel-Hashing/tests/match" "-DPARENT_DIR=/localdisk/rsanna/Montage/ext/Clevel-Hashing/test" "-DTESTS_USE_FORCED_PMEM=OFF" "-DTEST_ROOT_DIR=/localdisk/rsanna/Montage/ext/Clevel-Hashing/tests" "-DTEST_NAME=array_modifiers_0_none" "-DTESTCASE=0" "-DSRC_DIR=/localdisk/rsanna/Montage/ext/Clevel-Hashing/tests/array_modifiers" "-DBIN_DIR=/localdisk/rsanna/Montage/ext/Clevel-Hashing/tests/array_modifiers_0_none" "-DTEST_EXECUTABLE=/localdisk/rsanna/Montage/ext/Clevel-Hashing/tests/array_modifiers" "-DTRACER=none" "-DLONG_TESTS=" "-P" "/localdisk/rsanna/Montage/ext/Clevel-Hashing/tests/run_default.cmake"
Directory: /localdisk/rsanna/Montage/ext/Clevel-Hashing/tests
"array_modifiers_0_none" start time: Jan 22 13:36 EST
Output:
----------------------------------------------------------
-- Executing:  /localdisk/rsanna/Montage/ext/Clevel-Hashing/tests/array_modifiers /localdisk/rsanna/Montage/ext/Clevel-Hashing/test/array_modifiers_0_none/testfile
-- Test array_modifiers_0_none:
-- Stdout:

-- Stderr:

CMake Error at helpers.cmake:215 (message):
   /localdisk/rsanna/Montage/ext/Clevel-Hashing/tests/array_modifiers /localdisk/rsanna/Montage/ext/Clevel-Hashing/test/array_modifiers_0_none/testfile failed: Permission denied
Call Stack (most recent call first):
  helpers.cmake:267 (execute_common)
  run_default.cmake:36 (execute)


<end of output>
Test time =   0.05 sec
----------------------------------------------------------
Test Failed.
"array_modifiers_0_none" end time: Jan 22 13:36 EST
"array_modifiers_0_none" time elapsed: 00:00:00
----------------------------------------------------------

63/655 Testing: temp_value_0_none
63/655 Test: temp_value_0_none
Command: "/usr/bin/cmake" "-DPERL_EXECUTABLE=/usr/bin/perl" "-DMATCH_SCRIPT=/localdisk/rsanna/Montage/ext/Clevel-Hashing/tests/match" "-DPARENT_DIR=/localdisk/rsanna/Montage/ext/Clevel-Hashing/test" "-DTESTS_USE_FORCED_PMEM=OFF" "-DTEST_ROOT_DIR=/localdisk/rsanna/Montage/ext/Clevel-Hashing/tests" "-DTEST_NAME=temp_value_0_none" "-DTESTCASE=0" "-DSRC_DIR=/localdisk/rsanna/Montage/ext/Clevel-Hashing/tests/temp_value" "-DBIN_DIR=/localdisk/rsanna/Montage/ext/Clevel-Hashing/tests/temp_value_0_none" "-DTEST_EXECUTABLE=/localdisk/rsanna/Montage/ext/Clevel-Hashing/tests/temp_value" "-DTRACER=none" "-DLONG_TESTS=" "-P" "/localdisk/rsanna/Montage/ext/Clevel-Hashing/tests/run_default.cmake"
Directory: /localdisk/rsanna/Montage/ext/Clevel-Hashing/tests
"temp_value_0_none" start time: Jan 22 13:36 EST
Output:
----------------------------------------------------------
-- Executing:  /localdisk/rsanna/Montage/ext/Clevel-Hashing/tests/temp_value /localdisk/rsanna/Montage/ext/Clevel-Hashing/test/temp_value_0_none/testfile
-- Test temp_value_0_none:
-- Stdout:

-- Stderr:

CMake Error at helpers.cmake:215 (message):
   /localdisk/rsanna/Montage/ext/Clevel-Hashing/tests/temp_value /localdisk/rsanna/Montage/ext/Clevel-Hashing/test/temp_value_0_none/testfile failed: Permission denied
Call Stack (most recent call first):
  helpers.cmake:267 (execute_common)
  run_default.cmake:36 (execute)


<end of output>
Test time =   0.04 sec
----------------------------------------------------------
Test Failed.
"temp_value_0_none" end time: Jan 22 13:36 EST
"temp_value_0_none" time elapsed: 00:00:00
----------------------------------------------------------

66/655 Testing: vector_assign_exceptions_length_0_none
66/655 Test: vector_assign_exceptions_length_0_none
Command: "/usr/bin/cmake" "-DPERL_EXECUTABLE=/usr/bin/perl" "-DMATCH_SCRIPT=/localdisk/rsanna/Montage/ext/Clevel-Hashing/tests/match" "-DPARENT_DIR=/localdisk/rsanna/Montage/ext/Clevel-Hashing/test" "-DTESTS_USE_FORCED_PMEM=OFF" "-DTEST_ROOT_DIR=/localdisk/rsanna/Montage/ext/Clevel-Hashing/tests" "-DTEST_NAME=vector_assign_exceptions_length_0_none" "-DTESTCASE=0" "-DSRC_DIR=/localdisk/rsanna/Montage/ext/Clevel-Hashing/tests/vector_assign_exceptions_length" "-DBIN_DIR=/localdisk/rsanna/Montage/ext/Clevel-Hashing/tests/vector_assign_exceptions_length_0_none" "-DTEST_EXECUTABLE=/localdisk/rsanna/Montage/ext/Clevel-Hashing/tests/vector_assign_exceptions_length" "-DTRACER=none" "-DLONG_TESTS=" "-P" "/localdisk/rsanna/Montage/ext/Clevel-Hashing/tests/run_default.cmake"
Directory: /localdisk/rsanna/Montage/ext/Clevel-Hashing/tests
"vector_assign_exceptions_length_0_none" start time: Jan 22 13:36 EST
Output:
----------------------------------------------------------
-- Executing:  /localdisk/rsanna/Montage/ext/Clevel-Hashing/tests/vector_assign_exceptions_length /localdisk/rsanna/Montage/ext/Clevel-Hashing/test/vector_assign_exceptions_length_0_none/testfile
-- Test vector_assign_exceptions_length_0_none:
-- Stdout:

-- Stderr:

CMake Error at helpers.cmake:215 (message):
   /localdisk/rsanna/Montage/ext/Clevel-Hashing/tests/vector_assign_exceptions_length /localdisk/rsanna/Montage/ext/Clevel-Hashing/test/vector_assign_exceptions_length_0_none/testfile failed: Permission denied
Call Stack (most recent call first):
  helpers.cmake:267 (execute_common)
  run_default.cmake:36 (execute)


<end of output>
Test time =   0.04 sec
----------------------------------------------------------
Test Failed.
"vector_assign_exceptions_length_0_none" end time: Jan 22 13:36 EST
"vector_assign_exceptions_length_0_none" time elapsed: 00:00:00
----------------------------------------------------------

69/655 Testing: vector_assign_exceptions_oom_0_none
69/655 Test: vector_assign_exceptions_oom_0_none
Command: "/usr/bin/cmake" "-DPERL_EXECUTABLE=/usr/bin/perl" "-DMATCH_SCRIPT=/localdisk/rsanna/Montage/ext/Clevel-Hashing/tests/match" "-DPARENT_DIR=/localdisk/rsanna/Montage/ext/Clevel-Hashing/test" "-DTESTS_USE_FORCED_PMEM=OFF" "-DTEST_ROOT_DIR=/localdisk/rsanna/Montage/ext/Clevel-Hashing/tests" "-DTEST_NAME=vector_assign_exceptions_oom_0_none" "-DTESTCASE=0" "-DSRC_DIR=/localdisk/rsanna/Montage/ext/Clevel-Hashing/tests/vector_assign_exceptions_oom" "-DBIN_DIR=/localdisk/rsanna/Montage/ext/Clevel-Hashing/tests/vector_assign_exceptions_oom_0_none" "-DTEST_EXECUTABLE=/localdisk/rsanna/Montage/ext/Clevel-Hashing/tests/vector_assign_exceptions_oom" "-DTRACER=none" "-DLONG_TESTS=" "-P" "/localdisk/rsanna/Montage/ext/Clevel-Hashing/tests/run_default.cmake"
Directory: /localdisk/rsanna/Montage/ext/Clevel-Hashing/tests
"vector_assign_exceptions_oom_0_none" start time: Jan 22 13:36 EST
Output:
----------------------------------------------------------
-- Executing:  /localdisk/rsanna/Montage/ext/Clevel-Hashing/tests/vector_assign_exceptions_oom /localdisk/rsanna/Montage/ext/Clevel-Hashing/test/vector_assign_exceptions_oom_0_none/testfile
-- Test vector_assign_exceptions_oom_0_none:
-- Stdout:

-- Stderr:

CMake Error at helpers.cmake:215 (message):
   /localdisk/rsanna/Montage/ext/Clevel-Hashing/tests/vector_assign_exceptions_oom /localdisk/rsanna/Montage/ext/Clevel-Hashing/test/vector_assign_exceptions_oom_0_none/testfile failed: Permission denied
Call Stack (most recent call first):
  helpers.cmake:267 (execute_common)
  run_default.cmake:36 (execute)


<end of output>
Test time =   0.04 sec
----------------------------------------------------------
Test Failed.
"vector_assign_exceptions_oom_0_none" end time: Jan 22 13:36 EST
"vector_assign_exceptions_oom_0_none" time elapsed: 00:00:00
----------------------------------------------------------

72/655 Testing: vector_assign_txabort_0_none
72/655 Test: vector_assign_txabort_0_none
Command: "/usr/bin/cmake" "-DPERL_EXECUTABLE=/usr/bin/perl" "-DMATCH_SCRIPT=/localdisk/rsanna/Montage/ext/Clevel-Hashing/tests/match" "-DPARENT_DIR=/localdisk/rsanna/Montage/ext/Clevel-Hashing/test" "-DTESTS_USE_FORCED_PMEM=OFF" "-DTEST_ROOT_DIR=/localdisk/rsanna/Montage/ext/Clevel-Hashing/tests" "-DTEST_NAME=vector_assign_txabort_0_none" "-DTESTCASE=0" "-DSRC_DIR=/localdisk/rsanna/Montage/ext/Clevel-Hashing/tests/vector_assign_txabort" "-DBIN_DIR=/localdisk/rsanna/Montage/ext/Clevel-Hashing/tests/vector_assign_txabort_0_none" "-DTEST_EXECUTABLE=/localdisk/rsanna/Montage/ext/Clevel-Hashing/tests/vector_assign_txabort" "-DTRACER=none" "-DLONG_TESTS=" "-P" "/localdisk/rsanna/Montage/ext/Clevel-Hashing/tests/run_default.cmake"
Directory: /localdisk/rsanna/Montage/ext/Clevel-Hashing/tests
"vector_assign_txabort_0_none" start time: Jan 22 13:36 EST
Output:
----------------------------------------------------------
-- Executing:  /localdisk/rsanna/Montage/ext/Clevel-Hashing/tests/vector_assign_txabort /localdisk/rsanna/Montage/ext/Clevel-Hashing/test/vector_assign_txabort_0_none/testfile
-- Test vector_assign_txabort_0_none:
-- Stdout:

-- Stderr:

CMake Error at helpers.cmake:215 (message):
   /localdisk/rsanna/Montage/ext/Clevel-Hashing/tests/vector_assign_txabort /localdisk/rsanna/Montage/ext/Clevel-Hashing/test/vector_assign_txabort_0_none/testfile failed: Permission denied
Call Stack (most recent call first):
  helpers.cmake:267 (execute_common)
  run_default.cmake:36 (execute)


<end of output>
Test time =   0.04 sec
----------------------------------------------------------
Test Failed.
"vector_assign_txabort_0_none" end time: Jan 22 13:36 EST
"vector_assign_txabort_0_none" time elapsed: 00:00:00
----------------------------------------------------------

75/655 Testing: vector_comp_operators_0_none
75/655 Test: vector_comp_operators_0_none
Command: "/usr/bin/cmake" "-DPERL_EXECUTABLE=/usr/bin/perl" "-DMATCH_SCRIPT=/localdisk/rsanna/Montage/ext/Clevel-Hashing/tests/match" "-DPARENT_DIR=/localdisk/rsanna/Montage/ext/Clevel-Hashing/test" "-DTESTS_USE_FORCED_PMEM=OFF" "-DTEST_ROOT_DIR=/localdisk/rsanna/Montage/ext/Clevel-Hashing/tests" "-DTEST_NAME=vector_comp_operators_0_none" "-DTESTCASE=0" "-DSRC_DIR=/localdisk/rsanna/Montage/ext/Clevel-Hashing/tests/vector_comp_operators" "-DBIN_DIR=/localdisk/rsanna/Montage/ext/Clevel-Hashing/tests/vector_comp_operators_0_none" "-DTEST_EXECUTABLE=/localdisk/rsanna/Montage/ext/Clevel-Hashing/tests/vector_comp_operators" "-DTRACER=none" "-DLONG_TESTS=" "-P" "/localdisk/rsanna/Montage/ext/Clevel-Hashing/tests/run_default.cmake"
Directory: /localdisk/rsanna/Montage/ext/Clevel-Hashing/tests
"vector_comp_operators_0_none" start time: Jan 22 13:36 EST
Output:
----------------------------------------------------------
-- Executing:  /localdisk/rsanna/Montage/ext/Clevel-Hashing/tests/vector_comp_operators /localdisk/rsanna/Montage/ext/Clevel-Hashing/test/vector_comp_operators_0_none/testfile
-- Test vector_comp_operators_0_none:
-- Stdout:

-- Stderr:

CMake Error at helpers.cmake:215 (message):
   /localdisk/rsanna/Montage/ext/Clevel-Hashing/tests/vector_comp_operators /localdisk/rsanna/Montage/ext/Clevel-Hashing/test/vector_comp_operators_0_none/testfile failed: Permission denied
Call Stack (most recent call first):
  helpers.cmake:267 (execute_common)
  run_default.cmake:36 (execute)


<end of output>
Test time =   0.05 sec
----------------------------------------------------------
Test Failed.
"vector_comp_operators_0_none" end time: Jan 22 13:36 EST
"vector_comp_operators_0_none" time elapsed: 00:00:00
----------------------------------------------------------

78/655 Testing: vector_capacity_exceptions_length_0_none
78/655 Test: vector_capacity_exceptions_length_0_none
Command: "/usr/bin/cmake" "-DPERL_EXECUTABLE=/usr/bin/perl" "-DMATCH_SCRIPT=/localdisk/rsanna/Montage/ext/Clevel-Hashing/tests/match" "-DPARENT_DIR=/localdisk/rsanna/Montage/ext/Clevel-Hashing/test" "-DTESTS_USE_FORCED_PMEM=OFF" "-DTEST_ROOT_DIR=/localdisk/rsanna/Montage/ext/Clevel-Hashing/tests" "-DTEST_NAME=vector_capacity_exceptions_length_0_none" "-DTESTCASE=0" "-DSRC_DIR=/localdisk/rsanna/Montage/ext/Clevel-Hashing/tests/vector_capacity_exceptions_length" "-DBIN_DIR=/localdisk/rsanna/Montage/ext/Clevel-Hashing/tests/vector_capacity_exceptions_length_0_none" "-DTEST_EXECUTABLE=/localdisk/rsanna/Montage/ext/Clevel-Hashing/tests/vector_capacity_exceptions_length" "-DTRACER=none" "-DLONG_TESTS=" "-P" "/localdisk/rsanna/Montage/ext/Clevel-Hashing/tests/run_default.cmake"
Directory: /localdisk/rsanna/Montage/ext/Clevel-Hashing/tests
"vector_capacity_exceptions_length_0_none" start time: Jan 22 13:36 EST
Output:
----------------------------------------------------------
-- Executing:  /localdisk/rsanna/Montage/ext/Clevel-Hashing/tests/vector_capacity_exceptions_length /localdisk/rsanna/Montage/ext/Clevel-Hashing/test/vector_capacity_exceptions_length_0_none/testfile
-- Test vector_capacity_exceptions_length_0_none:
-- Stdout:

-- Stderr:

CMake Error at helpers.cmake:215 (message):
   /localdisk/rsanna/Montage/ext/Clevel-Hashing/tests/vector_capacity_exceptions_length /localdisk/rsanna/Montage/ext/Clevel-Hashing/test/vector_capacity_exceptions_length_0_none/testfile failed: Permission denied
Call Stack (most recent call first):
  helpers.cmake:267 (execute_common)
  run_default.cmake:36 (execute)


<end of output>
Test time =   0.04 sec
----------------------------------------------------------
Test Failed.
"vector_capacity_exceptions_length_0_none" end time: Jan 22 13:36 EST
"vector_capacity_exceptions_length_0_none" time elapsed: 00:00:00
----------------------------------------------------------

81/655 Testing: vector_capacity_exceptions_oom_0_none
81/655 Test: vector_capacity_exceptions_oom_0_none
Command: "/usr/bin/cmake" "-DPERL_EXECUTABLE=/usr/bin/perl" "-DMATCH_SCRIPT=/localdisk/rsanna/Montage/ext/Clevel-Hashing/tests/match" "-DPARENT_DIR=/localdisk/rsanna/Montage/ext/Clevel-Hashing/test" "-DTESTS_USE_FORCED_PMEM=OFF" "-DTEST_ROOT_DIR=/localdisk/rsanna/Montage/ext/Clevel-Hashing/tests" "-DTEST_NAME=vector_capacity_exceptions_oom_0_none" "-DTESTCASE=0" "-DSRC_DIR=/localdisk/rsanna/Montage/ext/Clevel-Hashing/tests/vector_capacity_exceptions_oom" "-DBIN_DIR=/localdisk/rsanna/Montage/ext/Clevel-Hashing/tests/vector_capacity_exceptions_oom_0_none" "-DTEST_EXECUTABLE=/localdisk/rsanna/Montage/ext/Clevel-Hashing/tests/vector_capacity_exceptions_oom" "-DTRACER=none" "-DLONG_TESTS=" "-P" "/localdisk/rsanna/Montage/ext/Clevel-Hashing/tests/run_default.cmake"
Directory: /localdisk/rsanna/Montage/ext/Clevel-Hashing/tests
"vector_capacity_exceptions_oom_0_none" start time: Jan 22 13:36 EST
Output:
----------------------------------------------------------
-- Executing:  /localdisk/rsanna/Montage/ext/Clevel-Hashing/tests/vector_capacity_exceptions_oom /localdisk/rsanna/Montage/ext/Clevel-Hashing/test/vector_capacity_exceptions_oom_0_none/testfile
-- Test vector_capacity_exceptions_oom_0_none:
-- Stdout:

-- Stderr:

CMake Error at helpers.cmake:215 (message):
   /localdisk/rsanna/Montage/ext/Clevel-Hashing/tests/vector_capacity_exceptions_oom /localdisk/rsanna/Montage/ext/Clevel-Hashing/test/vector_capacity_exceptions_oom_0_none/testfile failed: Permission denied
Call Stack (most recent call first):
  helpers.cmake:267 (execute_common)
  run_default.cmake:36 (execute)


<end of output>
Test time =   0.05 sec
----------------------------------------------------------
Test Failed.
"vector_capacity_exceptions_oom_0_none" end time: Jan 22 13:36 EST
"vector_capacity_exceptions_oom_0_none" time elapsed: 00:00:00
----------------------------------------------------------

84/655 Testing: vector_capacity_txabort_0_none
84/655 Test: vector_capacity_txabort_0_none
Command: "/usr/bin/cmake" "-DPERL_EXECUTABLE=/usr/bin/perl" "-DMATCH_SCRIPT=/localdisk/rsanna/Montage/ext/Clevel-Hashing/tests/match" "-DPARENT_DIR=/localdisk/rsanna/Montage/ext/Clevel-Hashing/test" "-DTESTS_USE_FORCED_PMEM=OFF" "-DTEST_ROOT_DIR=/localdisk/rsanna/Montage/ext/Clevel-Hashing/tests" "-DTEST_NAME=vector_capacity_txabort_0_none" "-DTESTCASE=0" "-DSRC_DIR=/localdisk/rsanna/Montage/ext/Clevel-Hashing/tests/vector_capacity_txabort" "-DBIN_DIR=/localdisk/rsanna/Montage/ext/Clevel-Hashing/tests/vector_capacity_txabort_0_none" "-DTEST_EXECUTABLE=/localdisk/rsanna/Montage/ext/Clevel-Hashing/tests/vector_capacity_txabort" "-DTRACER=none" "-DLONG_TESTS=" "-P" "/localdisk/rsanna/Montage/ext/Clevel-Hashing/tests/run_default.cmake"
Directory: /localdisk/rsanna/Montage/ext/Clevel-Hashing/tests
"vector_capacity_txabort_0_none" start time: Jan 22 13:36 EST
Output:
----------------------------------------------------------
-- Executing:  /localdisk/rsanna/Montage/ext/Clevel-Hashing/tests/vector_capacity_txabort /localdisk/rsanna/Montage/ext/Clevel-Hashing/test/vector_capacity_txabort_0_none/testfile
-- Test vector_capacity_txabort_0_none:
-- Stdout:

-- Stderr:

CMake Error at helpers.cmake:215 (message):
   /localdisk/rsanna/Montage/ext/Clevel-Hashing/tests/vector_capacity_txabort /localdisk/rsanna/Montage/ext/Clevel-Hashing/test/vector_capacity_txabort_0_none/testfile failed: Permission denied
Call Stack (most recent call first):
  helpers.cmake:267 (execute_common)
  run_default.cmake:36 (execute)


<end of output>
Test time =   0.06 sec
----------------------------------------------------------
Test Failed.
"vector_capacity_txabort_0_none" end time: Jan 22 13:36 EST
"vector_capacity_txabort_0_none" time elapsed: 00:00:00
----------------------------------------------------------

87/655 Testing: vector_ctor_exceptions_nopmem_0_none
87/655 Test: vector_ctor_exceptions_nopmem_0_none
Command: "/usr/bin/cmake" "-DPERL_EXECUTABLE=/usr/bin/perl" "-DMATCH_SCRIPT=/localdisk/rsanna/Montage/ext/Clevel-Hashing/tests/match" "-DPARENT_DIR=/localdisk/rsanna/Montage/ext/Clevel-Hashing/test" "-DTESTS_USE_FORCED_PMEM=OFF" "-DTEST_ROOT_DIR=/localdisk/rsanna/Montage/ext/Clevel-Hashing/tests" "-DTEST_NAME=vector_ctor_exceptions_nopmem_0_none" "-DTESTCASE=0" "-DSRC_DIR=/localdisk/rsanna/Montage/ext/Clevel-Hashing/tests/vector_ctor_exceptions_nopmem" "-DBIN_DIR=/localdisk/rsanna/Montage/ext/Clevel-Hashing/tests/vector_ctor_exceptions_nopmem_0_none" "-DTEST_EXECUTABLE=/localdisk/rsanna/Montage/ext/Clevel-Hashing/tests/vector_ctor_exceptions_nopmem" "-DTRACER=none" "-DLONG_TESTS=" "-P" "/localdisk/rsanna/Montage/ext/Clevel-Hashing/tests/run_default.cmake"
Directory: /localdisk/rsanna/Montage/ext/Clevel-Hashing/tests
"vector_ctor_exceptions_nopmem_0_none" start time: Jan 22 13:36 EST
Output:
----------------------------------------------------------
-- Executing:  /localdisk/rsanna/Montage/ext/Clevel-Hashing/tests/vector_ctor_exceptions_nopmem /localdisk/rsanna/Montage/ext/Clevel-Hashing/test/vector_ctor_exceptions_nopmem_0_none/testfile
-- Test vector_ctor_exceptions_nopmem_0_none:
-- Stdout:

-- Stderr:

CMake Error at helpers.cmake:215 (message):
   /localdisk/rsanna/Montage/ext/Clevel-Hashing/tests/vector_ctor_exceptions_nopmem /localdisk/rsanna/Montage/ext/Clevel-Hashing/test/vector_ctor_exceptions_nopmem_0_none/testfile failed: Permission denied
Call Stack (most recent call first):
  helpers.cmake:267 (execute_common)
  run_default.cmake:36 (execute)


<end of output>
Test time =   0.04 sec
----------------------------------------------------------
Test Failed.
"vector_ctor_exceptions_nopmem_0_none" end time: Jan 22 13:36 EST
"vector_ctor_exceptions_nopmem_0_none" time elapsed: 00:00:00
----------------------------------------------------------

89/655 Testing: vector_ctor_exceptions_notx_0_none
89/655 Test: vector_ctor_exceptions_notx_0_none
Command: "/usr/bin/cmake" "-DPERL_EXECUTABLE=/usr/bin/perl" "-DMATCH_SCRIPT=/localdisk/rsanna/Montage/ext/Clevel-Hashing/tests/match" "-DPARENT_DIR=/localdisk/rsanna/Montage/ext/Clevel-Hashing/test" "-DTESTS_USE_FORCED_PMEM=OFF" "-DTEST_ROOT_DIR=/localdisk/rsanna/Montage/ext/Clevel-Hashing/tests" "-DTEST_NAME=vector_ctor_exceptions_notx_0_none" "-DTESTCASE=0" "-DSRC_DIR=/localdisk/rsanna/Montage/ext/Clevel-Hashing/tests/vector_ctor_exceptions_notx" "-DBIN_DIR=/localdisk/rsanna/Montage/ext/Clevel-Hashing/tests/vector_ctor_exceptions_notx_0_none" "-DTEST_EXECUTABLE=/localdisk/rsanna/Montage/ext/Clevel-Hashing/tests/vector_ctor_exceptions_notx" "-DTRACER=none" "-DLONG_TESTS=" "-P" "/localdisk/rsanna/Montage/ext/Clevel-Hashing/tests/run_default.cmake"
Directory: /localdisk/rsanna/Montage/ext/Clevel-Hashing/tests
"vector_ctor_exceptions_notx_0_none" start time: Jan 22 13:36 EST
Output:
----------------------------------------------------------
-- Executing:  /localdisk/rsanna/Montage/ext/Clevel-Hashing/tests/vector_ctor_exceptions_notx /localdisk/rsanna/Montage/ext/Clevel-Hashing/test/vector_ctor_exceptions_notx_0_none/testfile
-- Test vector_ctor_exceptions_notx_0_none:
-- Stdout:

-- Stderr:

CMake Error at helpers.cmake:215 (message):
   /localdisk/rsanna/Montage/ext/Clevel-Hashing/tests/vector_ctor_exceptions_notx /localdisk/rsanna/Montage/ext/Clevel-Hashing/test/vector_ctor_exceptions_notx_0_none/testfile failed: Permission denied
Call Stack (most recent call first):
  helpers.cmake:267 (execute_common)
  run_default.cmake:36 (execute)


<end of output>
Test time =   0.05 sec
----------------------------------------------------------
Test Failed.
"vector_ctor_exceptions_notx_0_none" end time: Jan 22 13:36 EST
"vector_ctor_exceptions_notx_0_none" time elapsed: 00:00:00
----------------------------------------------------------

91/655 Testing: vector_ctor_exceptions_oom_0_none
91/655 Test: vector_ctor_exceptions_oom_0_none
Command: "/usr/bin/cmake" "-DPERL_EXECUTABLE=/usr/bin/perl" "-DMATCH_SCRIPT=/localdisk/rsanna/Montage/ext/Clevel-Hashing/tests/match" "-DPARENT_DIR=/localdisk/rsanna/Montage/ext/Clevel-Hashing/test" "-DTESTS_USE_FORCED_PMEM=OFF" "-DTEST_ROOT_DIR=/localdisk/rsanna/Montage/ext/Clevel-Hashing/tests" "-DTEST_NAME=vector_ctor_exceptions_oom_0_none" "-DTESTCASE=0" "-DSRC_DIR=/localdisk/rsanna/Montage/ext/Clevel-Hashing/tests/vector_ctor_exceptions_oom" "-DBIN_DIR=/localdisk/rsanna/Montage/ext/Clevel-Hashing/tests/vector_ctor_exceptions_oom_0_none" "-DTEST_EXECUTABLE=/localdisk/rsanna/Montage/ext/Clevel-Hashing/tests/vector_ctor_exceptions_oom" "-DTRACER=none" "-DLONG_TESTS=" "-P" "/localdisk/rsanna/Montage/ext/Clevel-Hashing/tests/run_default.cmake"
Directory: /localdisk/rsanna/Montage/ext/Clevel-Hashing/tests
"vector_ctor_exceptions_oom_0_none" start time: Jan 22 13:36 EST
Output:
----------------------------------------------------------
-- Executing:  /localdisk/rsanna/Montage/ext/Clevel-Hashing/tests/vector_ctor_exceptions_oom /localdisk/rsanna/Montage/ext/Clevel-Hashing/test/vector_ctor_exceptions_oom_0_none/testfile
-- Test vector_ctor_exceptions_oom_0_none:
-- Stdout:

-- Stderr:

CMake Error at helpers.cmake:215 (message):
   /localdisk/rsanna/Montage/ext/Clevel-Hashing/tests/vector_ctor_exceptions_oom /localdisk/rsanna/Montage/ext/Clevel-Hashing/test/vector_ctor_exceptions_oom_0_none/testfile failed: Permission denied
Call Stack (most recent call first):
  helpers.cmake:267 (execute_common)
  run_default.cmake:36 (execute)


<end of output>
Test time =   0.05 sec
----------------------------------------------------------
Test Failed.
"vector_ctor_exceptions_oom_0_none" end time: Jan 22 13:36 EST
"vector_ctor_exceptions_oom_0_none" time elapsed: 00:00:00
----------------------------------------------------------

94/655 Testing: vector_ctor_move_0_none
94/655 Test: vector_ctor_move_0_none
Command: "/usr/bin/cmake" "-DPERL_EXECUTABLE=/usr/bin/perl" "-DMATCH_SCRIPT=/localdisk/rsanna/Montage/ext/Clevel-Hashing/tests/match" "-DPARENT_DIR=/localdisk/rsanna/Montage/ext/Clevel-Hashing/test" "-DTESTS_USE_FORCED_PMEM=OFF" "-DTEST_ROOT_DIR=/localdisk/rsanna/Montage/ext/Clevel-Hashing/tests" "-DTEST_NAME=vector_ctor_move_0_none" "-DTESTCASE=0" "-DSRC_DIR=/localdisk/rsanna/Montage/ext/Clevel-Hashing/tests/vector_ctor_move" "-DBIN_DIR=/localdisk/rsanna/Montage/ext/Clevel-Hashing/tests/vector_ctor_move_0_none" "-DTEST_EXECUTABLE=/localdisk/rsanna/Montage/ext/Clevel-Hashing/tests/vector_ctor_move" "-DTRACER=none" "-DLONG_TESTS=" "-P" "/localdisk/rsanna/Montage/ext/Clevel-Hashing/tests/run_default.cmake"
Directory: /localdisk/rsanna/Montage/ext/Clevel-Hashing/tests
"vector_ctor_move_0_none" start time: Jan 22 13:36 EST
Output:
----------------------------------------------------------
-- Executing:  /localdisk/rsanna/Montage/ext/Clevel-Hashing/tests/vector_ctor_move /localdisk/rsanna/Montage/ext/Clevel-Hashing/test/vector_ctor_move_0_none/testfile
-- Test vector_ctor_move_0_none:
-- Stdout:

-- Stderr:

CMake Error at helpers.cmake:215 (message):
   /localdisk/rsanna/Montage/ext/Clevel-Hashing/tests/vector_ctor_move /localdisk/rsanna/Montage/ext/Clevel-Hashing/test/vector_ctor_move_0_none/testfile failed: Permission denied
Call Stack (most recent call first):
  helpers.cmake:267 (execute_common)
  run_default.cmake:36 (execute)


<end of output>
Test time =   0.05 sec
----------------------------------------------------------
Test Failed.
"vector_ctor_move_0_none" end time: Jan 22 13:36 EST
"vector_ctor_move_0_none" time elapsed: 00:00:00
----------------------------------------------------------

97/655 Testing: vector_ctor_capacity_0_none
97/655 Test: vector_ctor_capacity_0_none
Command: "/usr/bin/cmake" "-DPERL_EXECUTABLE=/usr/bin/perl" "-DMATCH_SCRIPT=/localdisk/rsanna/Montage/ext/Clevel-Hashing/tests/match" "-DPARENT_DIR=/localdisk/rsanna/Montage/ext/Clevel-Hashing/test" "-DTESTS_USE_FORCED_PMEM=OFF" "-DTEST_ROOT_DIR=/localdisk/rsanna/Montage/ext/Clevel-Hashing/tests" "-DTEST_NAME=vector_ctor_capacity_0_none" "-DTESTCASE=0" "-DSRC_DIR=/localdisk/rsanna/Montage/ext/Clevel-Hashing/tests/vector_ctor_capacity" "-DBIN_DIR=/localdisk/rsanna/Montage/ext/Clevel-Hashing/tests/vector_ctor_capacity_0_none" "-DTEST_EXECUTABLE=/localdisk/rsanna/Montage/ext/Clevel-Hashing/tests/vector_ctor_capacity" "-DTRACER=none" "-DLONG_TESTS=" "-P" "/localdisk/rsanna/Montage/ext/Clevel-Hashing/tests/run_default.cmake"
Directory: /localdisk/rsanna/Montage/ext/Clevel-Hashing/tests
"vector_ctor_capacity_0_none" start time: Jan 22 13:36 EST
Output:
----------------------------------------------------------
-- Executing:  /localdisk/rsanna/Montage/ext/Clevel-Hashing/tests/vector_ctor_capacity /localdisk/rsanna/Montage/ext/Clevel-Hashing/test/vector_ctor_capacity_0_none/testfile
-- Test vector_ctor_capacity_0_none:
-- Stdout:

-- Stderr:

CMake Error at helpers.cmake:215 (message):
   /localdisk/rsanna/Montage/ext/Clevel-Hashing/tests/vector_ctor_capacity /localdisk/rsanna/Montage/ext/Clevel-Hashing/test/vector_ctor_capacity_0_none/testfile failed: Permission denied
Call Stack (most recent call first):
  helpers.cmake:267 (execute_common)
  run_default.cmake:36 (execute)


<end of output>
Test time =   0.05 sec
----------------------------------------------------------
Test Failed.
"vector_ctor_capacity_0_none" end time: Jan 22 13:36 EST
"vector_ctor_capacity_0_none" time elapsed: 00:00:00
----------------------------------------------------------

100/655 Testing: vector_dtor_0_none
100/655 Test: vector_dtor_0_none
Command: "/usr/bin/cmake" "-DPERL_EXECUTABLE=/usr/bin/perl" "-DMATCH_SCRIPT=/localdisk/rsanna/Montage/ext/Clevel-Hashing/tests/match" "-DPARENT_DIR=/localdisk/rsanna/Montage/ext/Clevel-Hashing/test" "-DTESTS_USE_FORCED_PMEM=OFF" "-DTEST_ROOT_DIR=/localdisk/rsanna/Montage/ext/Clevel-Hashing/tests" "-DTEST_NAME=vector_dtor_0_none" "-DTESTCASE=0" "-DSRC_DIR=/localdisk/rsanna/Montage/ext/Clevel-Hashing/tests/vector_dtor" "-DBIN_DIR=/localdisk/rsanna/Montage/ext/Clevel-Hashing/tests/vector_dtor_0_none" "-DTEST_EXECUTABLE=/localdisk/rsanna/Montage/ext/Clevel-Hashing/tests/vector_dtor" "-DTRACER=none" "-DLONG_TESTS=" "-P" "/localdisk/rsanna/Montage/ext/Clevel-Hashing/tests/run_default.cmake"
Directory: /localdisk/rsanna/Montage/ext/Clevel-Hashing/tests
"vector_dtor_0_none" start time: Jan 22 13:36 EST
Output:
----------------------------------------------------------
-- Executing:  /localdisk/rsanna/Montage/ext/Clevel-Hashing/tests/vector_dtor /localdisk/rsanna/Montage/ext/Clevel-Hashing/test/vector_dtor_0_none/testfile
-- Test vector_dtor_0_none:
-- Stdout:

-- Stderr:

CMake Error at helpers.cmake:215 (message):
   /localdisk/rsanna/Montage/ext/Clevel-Hashing/tests/vector_dtor /localdisk/rsanna/Montage/ext/Clevel-Hashing/test/vector_dtor_0_none/testfile failed: Permission denied
Call Stack (most recent call first):
  helpers.cmake:267 (execute_common)
  run_default.cmake:36 (execute)


<end of output>
Test time =   0.04 sec
----------------------------------------------------------
Test Failed.
"vector_dtor_0_none" end time: Jan 22 13:36 EST
"vector_dtor_0_none" time elapsed: 00:00:00
----------------------------------------------------------

103/655 Testing: vector_iterators_access_0_none
103/655 Test: vector_iterators_access_0_none
Command: "/usr/bin/cmake" "-DPERL_EXECUTABLE=/usr/bin/perl" "-DMATCH_SCRIPT=/localdisk/rsanna/Montage/ext/Clevel-Hashing/tests/match" "-DPARENT_DIR=/localdisk/rsanna/Montage/ext/Clevel-Hashing/test" "-DTESTS_USE_FORCED_PMEM=OFF" "-DTEST_ROOT_DIR=/localdisk/rsanna/Montage/ext/Clevel-Hashing/tests" "-DTEST_NAME=vector_iterators_access_0_none" "-DTESTCASE=0" "-DSRC_DIR=/localdisk/rsanna/Montage/ext/Clevel-Hashing/tests/vector_iterators_access" "-DBIN_DIR=/localdisk/rsanna/Montage/ext/Clevel-Hashing/tests/vector_iterators_access_0_none" "-DTEST_EXECUTABLE=/localdisk/rsanna/Montage/ext/Clevel-Hashing/tests/vector_iterators_access" "-DTRACER=none" "-DLONG_TESTS=" "-P" "/localdisk/rsanna/Montage/ext/Clevel-Hashing/tests/run_default.cmake"
Directory: /localdisk/rsanna/Montage/ext/Clevel-Hashing/tests
"vector_iterators_access_0_none" start time: Jan 22 13:36 EST
Output:
----------------------------------------------------------
-- Executing:  /localdisk/rsanna/Montage/ext/Clevel-Hashing/tests/vector_iterators_access /localdisk/rsanna/Montage/ext/Clevel-Hashing/test/vector_iterators_access_0_none/testfile
-- Test vector_iterators_access_0_none:
-- Stdout:

-- Stderr:

[...]
"string_libcxx_capacity_empty_0_pmemcheck_SKIPPED_BECAUSE_OF_MISSING_VALGRIND" start time: Jan 22 13:37 EST
Output:
----------------------------------------------------------
<end of output>
Test time =   0.01 sec
----------------------------------------------------------
Test Passed.
"string_libcxx_capacity_empty_0_pmemcheck_SKIPPED_BECAUSE_OF_MISSING_VALGRIND" end time: Jan 22 13:37 EST
"string_libcxx_capacity_empty_0_pmemcheck_SKIPPED_BECAUSE_OF_MISSING_VALGRIND" time elapsed: 00:00:00
----------------------------------------------------------

625/655 Testing: string_libcxx_capacity_empty_0_memcheck_SKIPPED_BECAUSE_OF_MISSING_VALGRIND
625/655 Test: string_libcxx_capacity_empty_0_memcheck_SKIPPED_BECAUSE_OF_MISSING_VALGRIND
Command: "/usr/bin/cmake" "-P" "/localdisk/rsanna/Montage/ext/Clevel-Hashing/tests/true.cmake"
Directory: /localdisk/rsanna/Montage/ext/Clevel-Hashing/tests/external
"string_libcxx_capacity_empty_0_memcheck_SKIPPED_BECAUSE_OF_MISSING_VALGRIND" start time: Jan 22 13:37 EST
Output:
----------------------------------------------------------
<end of output>
Test time =   0.01 sec
----------------------------------------------------------
Test Passed.
"string_libcxx_capacity_empty_0_memcheck_SKIPPED_BECAUSE_OF_MISSING_VALGRIND" end time: Jan 22 13:37 EST
"string_libcxx_capacity_empty_0_memcheck_SKIPPED_BECAUSE_OF_MISSING_VALGRIND" time elapsed: 00:00:00
----------------------------------------------------------

627/655 Testing: string_libcxx_capacity_length_0_pmemcheck_SKIPPED_BECAUSE_OF_MISSING_VALGRIND
627/655 Test: string_libcxx_capacity_length_0_pmemcheck_SKIPPED_BECAUSE_OF_MISSING_VALGRIND
Command: "/usr/bin/cmake" "-P" "/localdisk/rsanna/Montage/ext/Clevel-Hashing/tests/true.cmake"
Directory: /localdisk/rsanna/Montage/ext/Clevel-Hashing/tests/external
"string_libcxx_capacity_length_0_pmemcheck_SKIPPED_BECAUSE_OF_MISSING_VALGRIND" start time: Jan 22 13:37 EST
Output:
----------------------------------------------------------
<end of output>
Test time =   0.01 sec
----------------------------------------------------------
Test Passed.
"string_libcxx_capacity_length_0_pmemcheck_SKIPPED_BECAUSE_OF_MISSING_VALGRIND" end time: Jan 22 13:37 EST
"string_libcxx_capacity_length_0_pmemcheck_SKIPPED_BECAUSE_OF_MISSING_VALGRIND" time elapsed: 00:00:00
----------------------------------------------------------

628/655 Testing: string_libcxx_capacity_length_0_memcheck_SKIPPED_BECAUSE_OF_MISSING_VALGRIND
628/655 Test: string_libcxx_capacity_length_0_memcheck_SKIPPED_BECAUSE_OF_MISSING_VALGRIND
Command: "/usr/bin/cmake" "-P" "/localdisk/rsanna/Montage/ext/Clevel-Hashing/tests/true.cmake"
Directory: /localdisk/rsanna/Montage/ext/Clevel-Hashing/tests/external
"string_libcxx_capacity_length_0_memcheck_SKIPPED_BECAUSE_OF_MISSING_VALGRIND" start time: Jan 22 13:37 EST
Output:
----------------------------------------------------------
<end of output>
Test time =   0.01 sec
----------------------------------------------------------
Test Passed.
"string_libcxx_capacity_length_0_memcheck_SKIPPED_BECAUSE_OF_MISSING_VALGRIND" end time: Jan 22 13:37 EST
"string_libcxx_capacity_length_0_memcheck_SKIPPED_BECAUSE_OF_MISSING_VALGRIND" time elapsed: 00:00:00
----------------------------------------------------------

630/655 Testing: string_libcxx_capacity_over_max_size_0_pmemcheck_SKIPPED_BECAUSE_OF_MISSING_VALGRIND
630/655 Test: string_libcxx_capacity_over_max_size_0_pmemcheck_SKIPPED_BECAUSE_OF_MISSING_VALGRIND
Command: "/usr/bin/cmake" "-P" "/localdisk/rsanna/Montage/ext/Clevel-Hashing/tests/true.cmake"
Directory: /localdisk/rsanna/Montage/ext/Clevel-Hashing/tests/external
"string_libcxx_capacity_over_max_size_0_pmemcheck_SKIPPED_BECAUSE_OF_MISSING_VALGRIND" start time: Jan 22 13:37 EST
Output:
----------------------------------------------------------
<end of output>
Test time =   0.01 sec
----------------------------------------------------------
Test Passed.
"string_libcxx_capacity_over_max_size_0_pmemcheck_SKIPPED_BECAUSE_OF_MISSING_VALGRIND" end time: Jan 22 13:37 EST
"string_libcxx_capacity_over_max_size_0_pmemcheck_SKIPPED_BECAUSE_OF_MISSING_VALGRIND" time elapsed: 00:00:00
----------------------------------------------------------

631/655 Testing: string_libcxx_capacity_over_max_size_0_memcheck_SKIPPED_BECAUSE_OF_MISSING_VALGRIND
631/655 Test: string_libcxx_capacity_over_max_size_0_memcheck_SKIPPED_BECAUSE_OF_MISSING_VALGRIND
Command: "/usr/bin/cmake" "-P" "/localdisk/rsanna/Montage/ext/Clevel-Hashing/tests/true.cmake"
Directory: /localdisk/rsanna/Montage/ext/Clevel-Hashing/tests/external
"string_libcxx_capacity_over_max_size_0_memcheck_SKIPPED_BECAUSE_OF_MISSING_VALGRIND" start time: Jan 22 13:37 EST
Output:
----------------------------------------------------------
<end of output>
Test time =   0.01 sec
----------------------------------------------------------
Test Passed.
"string_libcxx_capacity_over_max_size_0_memcheck_SKIPPED_BECAUSE_OF_MISSING_VALGRIND" end time: Jan 22 13:37 EST
"string_libcxx_capacity_over_max_size_0_memcheck_SKIPPED_BECAUSE_OF_MISSING_VALGRIND" time elapsed: 00:00:00
----------------------------------------------------------

633/655 Testing: string_libcxx_capacity_reserve_0_pmemcheck_SKIPPED_BECAUSE_OF_MISSING_VALGRIND
633/655 Test: string_libcxx_capacity_reserve_0_pmemcheck_SKIPPED_BECAUSE_OF_MISSING_VALGRIND
Command: "/usr/bin/cmake" "-P" "/localdisk/rsanna/Montage/ext/Clevel-Hashing/tests/true.cmake"
Directory: /localdisk/rsanna/Montage/ext/Clevel-Hashing/tests/external
"string_libcxx_capacity_reserve_0_pmemcheck_SKIPPED_BECAUSE_OF_MISSING_VALGRIND" start time: Jan 22 13:37 EST
Output:
----------------------------------------------------------
<end of output>
Test time =   0.01 sec
----------------------------------------------------------
Test Passed.
"string_libcxx_capacity_reserve_0_pmemcheck_SKIPPED_BECAUSE_OF_MISSING_VALGRIND" end time: Jan 22 13:37 EST
"string_libcxx_capacity_reserve_0_pmemcheck_SKIPPED_BECAUSE_OF_MISSING_VALGRIND" time elapsed: 00:00:00
----------------------------------------------------------

634/655 Testing: string_libcxx_capacity_reserve_0_memcheck_SKIPPED_BECAUSE_OF_MISSING_VALGRIND
634/655 Test: string_libcxx_capacity_reserve_0_memcheck_SKIPPED_BECAUSE_OF_MISSING_VALGRIND
Command: "/usr/bin/cmake" "-P" "/localdisk/rsanna/Montage/ext/Clevel-Hashing/tests/true.cmake"
Directory: /localdisk/rsanna/Montage/ext/Clevel-Hashing/tests/external
"string_libcxx_capacity_reserve_0_memcheck_SKIPPED_BECAUSE_OF_MISSING_VALGRIND" start time: Jan 22 13:37 EST
Output:
----------------------------------------------------------
<end of output>
Test time =   0.01 sec
----------------------------------------------------------
Test Passed.
"string_libcxx_capacity_reserve_0_memcheck_SKIPPED_BECAUSE_OF_MISSING_VALGRIND" end time: Jan 22 13:37 EST
"string_libcxx_capacity_reserve_0_memcheck_SKIPPED_BECAUSE_OF_MISSING_VALGRIND" time elapsed: 00:00:00
----------------------------------------------------------

636/655 Testing: string_libcxx_capacity_shrink_to_fit_0_pmemcheck_SKIPPED_BECAUSE_OF_MISSING_VALGRIND
636/655 Test: string_libcxx_capacity_shrink_to_fit_0_pmemcheck_SKIPPED_BECAUSE_OF_MISSING_VALGRIND
Command: "/usr/bin/cmake" "-P" "/localdisk/rsanna/Montage/ext/Clevel-Hashing/tests/true.cmake"
Directory: /localdisk/rsanna/Montage/ext/Clevel-Hashing/tests/external
"string_libcxx_capacity_shrink_to_fit_0_pmemcheck_SKIPPED_BECAUSE_OF_MISSING_VALGRIND" start time: Jan 22 13:37 EST
Output:
----------------------------------------------------------
<end of output>
Test time =   0.01 sec
----------------------------------------------------------
Test Passed.
"string_libcxx_capacity_shrink_to_fit_0_pmemcheck_SKIPPED_BECAUSE_OF_MISSING_VALGRIND" end time: Jan 22 13:37 EST
"string_libcxx_capacity_shrink_to_fit_0_pmemcheck_SKIPPED_BECAUSE_OF_MISSING_VALGRIND" time elapsed: 00:00:00
----------------------------------------------------------

637/655 Testing: string_libcxx_capacity_shrink_to_fit_0_memcheck_SKIPPED_BECAUSE_OF_MISSING_VALGRIND
637/655 Test: string_libcxx_capacity_shrink_to_fit_0_memcheck_SKIPPED_BECAUSE_OF_MISSING_VALGRIND
Command: "/usr/bin/cmake" "-P" "/localdisk/rsanna/Montage/ext/Clevel-Hashing/tests/true.cmake"
Directory: /localdisk/rsanna/Montage/ext/Clevel-Hashing/tests/external
"string_libcxx_capacity_shrink_to_fit_0_memcheck_SKIPPED_BECAUSE_OF_MISSING_VALGRIND" start time: Jan 22 13:37 EST
Output:
----------------------------------------------------------
<end of output>
Test time =   0.01 sec
----------------------------------------------------------
Test Passed.
"string_libcxx_capacity_shrink_to_fit_0_memcheck_SKIPPED_BECAUSE_OF_MISSING_VALGRIND" end time: Jan 22 13:37 EST
"string_libcxx_capacity_shrink_to_fit_0_memcheck_SKIPPED_BECAUSE_OF_MISSING_VALGRIND" time elapsed: 00:00:00
----------------------------------------------------------

639/655 Testing: string_libcxx_brace_assignment_0_pmemcheck_SKIPPED_BECAUSE_OF_MISSING_VALGRIND
639/655 Test: string_libcxx_brace_assignment_0_pmemcheck_SKIPPED_BECAUSE_OF_MISSING_VALGRIND
Command: "/usr/bin/cmake" "-P" "/localdisk/rsanna/Montage/ext/Clevel-Hashing/tests/true.cmake"
Directory: /localdisk/rsanna/Montage/ext/Clevel-Hashing/tests/external
"string_libcxx_brace_assignment_0_pmemcheck_SKIPPED_BECAUSE_OF_MISSING_VALGRIND" start time: Jan 22 13:37 EST
Output:
----------------------------------------------------------
<end of output>
Test time =   0.01 sec
----------------------------------------------------------
Test Passed.
"string_libcxx_brace_assignment_0_pmemcheck_SKIPPED_BECAUSE_OF_MISSING_VALGRIND" end time: Jan 22 13:37 EST
"string_libcxx_brace_assignment_0_pmemcheck_SKIPPED_BECAUSE_OF_MISSING_VALGRIND" time elapsed: 00:00:00
----------------------------------------------------------

640/655 Testing: string_libcxx_brace_assignment_0_memcheck_SKIPPED_BECAUSE_OF_MISSING_VALGRIND
640/655 Test: string_libcxx_brace_assignment_0_memcheck_SKIPPED_BECAUSE_OF_MISSING_VALGRIND
Command: "/usr/bin/cmake" "-P" "/localdisk/rsanna/Montage/ext/Clevel-Hashing/tests/true.cmake"
Directory: /localdisk/rsanna/Montage/ext/Clevel-Hashing/tests/external
"string_libcxx_brace_assignment_0_memcheck_SKIPPED_BECAUSE_OF_MISSING_VALGRIND" start time: Jan 22 13:37 EST
Output:
----------------------------------------------------------
<end of output>
Test time =   0.01 sec
----------------------------------------------------------
Test Passed.
"string_libcxx_brace_assignment_0_memcheck_SKIPPED_BECAUSE_OF_MISSING_VALGRIND" end time: Jan 22 13:37 EST
"string_libcxx_brace_assignment_0_memcheck_SKIPPED_BECAUSE_OF_MISSING_VALGRIND" time elapsed: 00:00:00
----------------------------------------------------------

642/655 Testing: string_libcxx_char_assignment_0_pmemcheck_SKIPPED_BECAUSE_OF_MISSING_VALGRIND
642/655 Test: string_libcxx_char_assignment_0_pmemcheck_SKIPPED_BECAUSE_OF_MISSING_VALGRIND
Command: "/usr/bin/cmake" "-P" "/localdisk/rsanna/Montage/ext/Clevel-Hashing/tests/true.cmake"
Directory: /localdisk/rsanna/Montage/ext/Clevel-Hashing/tests/external
"string_libcxx_char_assignment_0_pmemcheck_SKIPPED_BECAUSE_OF_MISSING_VALGRIND" start time: Jan 22 13:37 EST
Output:
----------------------------------------------------------
<end of output>
Test time =   0.01 sec
----------------------------------------------------------
Test Passed.
"string_libcxx_char_assignment_0_pmemcheck_SKIPPED_BECAUSE_OF_MISSING_VALGRIND" end time: Jan 22 13:37 EST
"string_libcxx_char_assignment_0_pmemcheck_SKIPPED_BECAUSE_OF_MISSING_VALGRIND" time elapsed: 00:00:00
----------------------------------------------------------

643/655 Testing: string_libcxx_char_assignment_0_memcheck_SKIPPED_BECAUSE_OF_MISSING_VALGRIND
643/655 Test: string_libcxx_char_assignment_0_memcheck_SKIPPED_BECAUSE_OF_MISSING_VALGRIND
Command: "/usr/bin/cmake" "-P" "/localdisk/rsanna/Montage/ext/Clevel-Hashing/tests/true.cmake"
Directory: /localdisk/rsanna/Montage/ext/Clevel-Hashing/tests/external
"string_libcxx_char_assignment_0_memcheck_SKIPPED_BECAUSE_OF_MISSING_VALGRIND" start time: Jan 22 13:37 EST
Output:
----------------------------------------------------------
<end of output>
Test time =   0.01 sec
----------------------------------------------------------
Test Passed.
"string_libcxx_char_assignment_0_memcheck_SKIPPED_BECAUSE_OF_MISSING_VALGRIND" end time: Jan 22 13:37 EST
"string_libcxx_char_assignment_0_memcheck_SKIPPED_BECAUSE_OF_MISSING_VALGRIND" time elapsed: 00:00:00
----------------------------------------------------------

645/655 Testing: string_libcxx_copy_assignment_0_pmemcheck_SKIPPED_BECAUSE_OF_MISSING_VALGRIND
645/655 Test: string_libcxx_copy_assignment_0_pmemcheck_SKIPPED_BECAUSE_OF_MISSING_VALGRIND
Command: "/usr/bin/cmake" "-P" "/localdisk/rsanna/Montage/ext/Clevel-Hashing/tests/true.cmake"
Directory: /localdisk/rsanna/Montage/ext/Clevel-Hashing/tests/external
"string_libcxx_copy_assignment_0_pmemcheck_SKIPPED_BECAUSE_OF_MISSING_VALGRIND" start time: Jan 22 13:37 EST
Output:
----------------------------------------------------------
<end of output>
Test time =   0.01 sec
----------------------------------------------------------
Test Passed.
"string_libcxx_copy_assignment_0_pmemcheck_SKIPPED_BECAUSE_OF_MISSING_VALGRIND" end time: Jan 22 13:37 EST
"string_libcxx_copy_assignment_0_pmemcheck_SKIPPED_BECAUSE_OF_MISSING_VALGRIND" time elapsed: 00:00:00
----------------------------------------------------------

646/655 Testing: string_libcxx_copy_assignment_0_memcheck_SKIPPED_BECAUSE_OF_MISSING_VALGRIND
646/655 Test: string_libcxx_copy_assignment_0_memcheck_SKIPPED_BECAUSE_OF_MISSING_VALGRIND
Command: "/usr/bin/cmake" "-P" "/localdisk/rsanna/Montage/ext/Clevel-Hashing/tests/true.cmake"
Directory: /localdisk/rsanna/Montage/ext/Clevel-Hashing/tests/external
"string_libcxx_copy_assignment_0_memcheck_SKIPPED_BECAUSE_OF_MISSING_VALGRIND" start time: Jan 22 13:37 EST
Output:
----------------------------------------------------------
<end of output>
Test time =   0.01 sec
----------------------------------------------------------
Test Passed.
"string_libcxx_copy_assignment_0_memcheck_SKIPPED_BECAUSE_OF_MISSING_VALGRIND" end time: Jan 22 13:37 EST
"string_libcxx_copy_assignment_0_memcheck_SKIPPED_BECAUSE_OF_MISSING_VALGRIND" time elapsed: 00:00:00
----------------------------------------------------------

648/655 Testing: string_libcxx_initializer_list_assignment_0_pmemcheck_SKIPPED_BECAUSE_OF_MISSING_VALGRIND
648/655 Test: string_libcxx_initializer_list_assignment_0_pmemcheck_SKIPPED_BECAUSE_OF_MISSING_VALGRIND
Command: "/usr/bin/cmake" "-P" "/localdisk/rsanna/Montage/ext/Clevel-Hashing/tests/true.cmake"
Directory: /localdisk/rsanna/Montage/ext/Clevel-Hashing/tests/external
"string_libcxx_initializer_list_assignment_0_pmemcheck_SKIPPED_BECAUSE_OF_MISSING_VALGRIND" start time: Jan 22 13:37 EST
Output:
----------------------------------------------------------
<end of output>
Test time =   0.01 sec
----------------------------------------------------------
Test Passed.
"string_libcxx_initializer_list_assignment_0_pmemcheck_SKIPPED_BECAUSE_OF_MISSING_VALGRIND" end time: Jan 22 13:37 EST
"string_libcxx_initializer_list_assignment_0_pmemcheck_SKIPPED_BECAUSE_OF_MISSING_VALGRIND" time elapsed: 00:00:00
----------------------------------------------------------

649/655 Testing: string_libcxx_initializer_list_assignment_0_memcheck_SKIPPED_BECAUSE_OF_MISSING_VALGRIND
649/655 Test: string_libcxx_initializer_list_assignment_0_memcheck_SKIPPED_BECAUSE_OF_MISSING_VALGRIND
Command: "/usr/bin/cmake" "-P" "/localdisk/rsanna/Montage/ext/Clevel-Hashing/tests/true.cmake"
Directory: /localdisk/rsanna/Montage/ext/Clevel-Hashing/tests/external
"string_libcxx_initializer_list_assignment_0_memcheck_SKIPPED_BECAUSE_OF_MISSING_VALGRIND" start time: Jan 22 13:37 EST
Output:
----------------------------------------------------------
<end of output>
Test time =   0.01 sec
----------------------------------------------------------
Test Passed.
"string_libcxx_initializer_list_assignment_0_memcheck_SKIPPED_BECAUSE_OF_MISSING_VALGRIND" end time: Jan 22 13:37 EST
"string_libcxx_initializer_list_assignment_0_memcheck_SKIPPED_BECAUSE_OF_MISSING_VALGRIND" time elapsed: 00:00:00
----------------------------------------------------------

651/655 Testing: string_libcxx_move_assignment_0_pmemcheck_SKIPPED_BECAUSE_OF_MISSING_VALGRIND
651/655 Test: string_libcxx_move_assignment_0_pmemcheck_SKIPPED_BECAUSE_OF_MISSING_VALGRIND
Command: "/usr/bin/cmake" "-P" "/localdisk/rsanna/Montage/ext/Clevel-Hashing/tests/true.cmake"
Directory: /localdisk/rsanna/Montage/ext/Clevel-Hashing/tests/external
"string_libcxx_move_assignment_0_pmemcheck_SKIPPED_BECAUSE_OF_MISSING_VALGRIND" start time: Jan 22 13:37 EST
Output:
----------------------------------------------------------
<end of output>
Test time =   0.01 sec
----------------------------------------------------------
Test Passed.
"string_libcxx_move_assignment_0_pmemcheck_SKIPPED_BECAUSE_OF_MISSING_VALGRIND" end time: Jan 22 13:37 EST
"string_libcxx_move_assignment_0_pmemcheck_SKIPPED_BECAUSE_OF_MISSING_VALGRIND" time elapsed: 00:00:00
----------------------------------------------------------

652/655 Testing: string_libcxx_move_assignment_0_memcheck_SKIPPED_BECAUSE_OF_MISSING_VALGRIND
652/655 Test: string_libcxx_move_assignment_0_memcheck_SKIPPED_BECAUSE_OF_MISSING_VALGRIND
Command: "/usr/bin/cmake" "-P" "/localdisk/rsanna/Montage/ext/Clevel-Hashing/tests/true.cmake"
Directory: /localdisk/rsanna/Montage/ext/Clevel-Hashing/tests/external
"string_libcxx_move_assignment_0_memcheck_SKIPPED_BECAUSE_OF_MISSING_VALGRIND" start time: Jan 22 13:37 EST
Output:
----------------------------------------------------------
<end of output>
Test time =   0.01 sec
----------------------------------------------------------
Test Passed.
"string_libcxx_move_assignment_0_memcheck_SKIPPED_BECAUSE_OF_MISSING_VALGRIND" end time: Jan 22 13:37 EST
"string_libcxx_move_assignment_0_memcheck_SKIPPED_BECAUSE_OF_MISSING_VALGRIND" time elapsed: 00:00:00
----------------------------------------------------------

654/655 Testing: string_libcxx_pointer_assignment_0_pmemcheck_SKIPPED_BECAUSE_OF_MISSING_VALGRIND
654/655 Test: string_libcxx_pointer_assignment_0_pmemcheck_SKIPPED_BECAUSE_OF_MISSING_VALGRIND
Command: "/usr/bin/cmake" "-P" "/localdisk/rsanna/Montage/ext/Clevel-Hashing/tests/true.cmake"
Directory: /localdisk/rsanna/Montage/ext/Clevel-Hashing/tests/external
"string_libcxx_pointer_assignment_0_pmemcheck_SKIPPED_BECAUSE_OF_MISSING_VALGRIND" start time: Jan 22 13:37 EST
Output:
----------------------------------------------------------
<end of output>
Test time =   0.01 sec
----------------------------------------------------------
Test Passed.
"string_libcxx_pointer_assignment_0_pmemcheck_SKIPPED_BECAUSE_OF_MISSING_VALGRIND" end time: Jan 22 13:37 EST
"string_libcxx_pointer_assignment_0_pmemcheck_SKIPPED_BECAUSE_OF_MISSING_VALGRIND" time elapsed: 00:00:00
----------------------------------------------------------

655/655 Testing: string_libcxx_pointer_assignment_0_memcheck_SKIPPED_BECAUSE_OF_MISSING_VALGRIND
655/655 Test: string_libcxx_pointer_assignment_0_memcheck_SKIPPED_BECAUSE_OF_MISSING_VALGRIND
Command: "/usr/bin/cmake" "-P" "/localdisk/rsanna/Montage/ext/Clevel-Hashing/tests/true.cmake"
Directory: /localdisk/rsanna/Montage/ext/Clevel-Hashing/tests/external
"string_libcxx_pointer_assignment_0_memcheck_SKIPPED_BECAUSE_OF_MISSING_VALGRIND" start time: Jan 22 13:37 EST
Output:
----------------------------------------------------------
<end of output>
Test time =   0.01 sec
----------------------------------------------------------
Test Passed.
"string_libcxx_pointer_assignment_0_memcheck_SKIPPED_BECAUSE_OF_MISSING_VALGRIND" end time: Jan 22 13:37 EST
"string_libcxx_pointer_assignment_0_memcheck_SKIPPED_BECAUSE_OF_MISSING_VALGRIND" time elapsed: 00:00:00
----------------------------------------------------------

End testing: Jan 22 13:37 EST
